This is LuaTeX, Version beta-0.80.0 (TeX Live 2015/Debian) (rev 5238)  (format=lualatex 2018.10.30)  27 MAY 2020 13:32
 restricted \write18 enabled.
**abstract.tex
(./abstract.tex
LaTeX2e <2016/02/01>
Babel <3.9q> and hyphenation patterns for 1 language(s) loaded.

! LaTeX Error: Missing \begin{document}.

See the LaTeX manual or LaTeX Companion for explanation.
Type  H <return>  for immediate help.
 ...                                              
                                                  
l.10  T
     he study showcases the approaches towards lepton identification and pil...
You're in trouble here.  Try typing  <return>  to proceed.
If that doesn't work, type  X <return>  to quit.

LaTeX Font Info:    External font `cmex10' loaded for size
(Font)              <7> on input line 10.
LaTeX Font Info:    External font `cmex10' loaded for size
(Font)              <5> on input line 10.
! Undefined control sequence.
l.10 ...n integrated luminosity of $1600 \, \, \text
                                                  {fb}^{-1}$, is the statist...
The control sequence at the end of the top line
of your error message was never \def'ed. If you have
misspelled it (e.g., `\hobx'), type `I' and the correct
spelling (e.g., `I\hbox'). Otherwise just continue,
and I'll forget about whatever was undefined.

! Undefined control sequence.
l.10 ...istical error of the W mass $\Delta M_W\text
                                                  {(stat.)} =  2.4 $ MeV and...
The control sequence at the end of the top line
of your error message was never \def'ed. If you have
misspelled it (e.g., `\hobx'), type `I' and the correct
spelling (e.g., `I\hbox'). Otherwise just continue,
and I'll forget about whatever was undefined.

! Undefined control sequence.
l.10 ... cross-section $\Delta \sigma / \sigma \text
                                                  {(stat.)} = 0.038\% $.
The control sequence at the end of the top line
of your error message was never \def'ed. If you have
misspelled it (e.g., `\hobx'), type `I' and the correct
spelling (e.g., `I\hbox'). Otherwise just continue,
and I'll forget about whatever was undefined.


Overfull \hbox (20.0pt too wide) in paragraph at lines 10--11
[][]The
 []


Overfull \hbox (23.57637pt too wide) in paragraph at lines 10--11
[] \OT1/cmr/m/n/10 =
 []


Overfull \hbox (15.00005pt too wide) in paragraph at lines 10--11
\OT1/cmr/m/n/10 500$
 []


Overfull \hbox (44.33337pt too wide) in paragraph at lines 10--11
\OT1/cmr/m/n/10 1600  [][]$\nullfont ,
 []


Overfull \hbox (65.43872pt too wide) in paragraph at lines 10--11
\OT1/cmr/m/n/10 \OML/cmm/m/it/10 M[][] \OT1/cmr/m/n/10 =
 []


Overfull \hbox (12.77782pt too wide) in paragraph at lines 10--11
\OT1/cmr/m/n/10 2\OML/cmm/m/it/10 :\OT1/cmr/m/n/10 4$
 []


Overfull \hbox (63.7859pt too wide) in paragraph at lines 10--11
\OT1/cmr/m/n/10 \OML/cmm/m/it/10 =[] \OT1/cmr/m/n/10 =
 []


Overfull \hbox (31.1112pt too wide) in paragraph at lines 10--11
\OT1/cmr/m/n/10 0\OML/cmm/m/it/10 :\OT1/cmr/m/n/10 038%$\nullfont . 
 []

)
! Emergency stop.
<*> abstract.tex
             
*** (job aborted, no legal \end found)



Here is how much of LuaTeX's memory you used:
 20 strings out of 495004
 100000,89155 words of node,token memory allocated 5039 words of node memory still in use:
   21 hlist, 1 vlist, 1 rule, 4 math, 134 glue, 5 kern, 6 penalty, 660 glyph, 52
 glue_spec, 1 local_par, 1 dir nodes
   avail lists: 2:12,3:16,4:69,6:1,7:116,10:77
 3697 multiletter control sequences out of 65536+600000
 25 fonts using 994519 bytes
 18i,2n,12p,869b,57s stack positions out of 5000i,500n,10000p,200000b,100000s
!  ==> Fatal error occurred, no output PDF file produced!
