This is LuaTeX, Version beta-0.80.0 (TeX Live 2015/Debian) (rev 5238)  (format=lualatex 2018.10.30)  14 NOV 2019 14:12
 restricted \write18 enabled.
**conclude.tex
(./conclude.tex
LaTeX2e <2016/02/01>
Babel <3.9q> and hyphenation patterns for 1 language(s) loaded.

! LaTeX Error: Missing \begin{document}.

See the LaTeX manual or LaTeX Companion for explanation.
Type  H <return>  for immediate help.
 ...                                              
                                                  
l.1 T
   he results show a promising start to potential electro weak precision mea...
You're in trouble here.  Try typing  <return>  to proceed.
If that doesn't work, type  X <return>  to quit.

LaTeX Font Info:    External font `cmex10' loaded for size
(Font)              <7> on input line 1.
LaTeX Font Info:    External font `cmex10' loaded for size
(Font)              <5> on input line 1.
! Undefined control sequence.
l.1 ...istical error on the mass of $\Delta M_W\text
                                                  {(stat.)}= 2.4$ MeV. This ...
The control sequence at the end of the top line
of your error message was never \def'ed. If you have
misspelled it (e.g., `\hobx'), type `I' and the correct
spelling (e.g., `I\hbox'). Otherwise just continue,
and I'll forget about whatever was undefined.

! Undefined control sequence.
l.1 ...ievable statistical error is $\Delta M_W\text
                                                  {(stat.)} = 1.6$ MeV for a...
The control sequence at the end of the top line
of your error message was never \def'ed. If you have
misspelled it (e.g., `\hobx'), type `I' and the correct
spelling (e.g., `I\hbox'). Otherwise just continue,
and I'll forget about whatever was undefined.

\citation{graham}
! Undefined control sequence.
<write> ... Warning: Citation `\@citeb ' on page \thepage 
                                                  \space undefined\on@line .
l.1 ...ss resolution $\sigma_W= 4$ GeV \cite{graham}
                                                  . The estimated uncertaint...
The control sequence at the end of the top line
of your error message was never \def'ed. If you have
misspelled it (e.g., `\hobx'), type `I' and the correct
spelling (e.g., `I\hbox'). Otherwise just continue,
and I'll forget about whatever was undefined.


LaTeX Warning: Citation `graham' on page  undefined on input line 1.

)
! Emergency stop.
<*> conclude.tex
             
*** (job aborted, no legal \end found)



Here is how much of LuaTeX's memory you used:
 24 strings out of 495004
 100000,89155 words of node,token memory allocated 19705 words of node memory still in use:
   16 hlist, 2 vlist, 2 rule, 18 math, 533 glue, 5 kern, 6 penalty, 2807 glyph, 
92 glue_spec, 1 temp, 1 local_par, 1 dir nodes
   avail lists: 1:1,2:11,3:12,9:1
 3700 multiletter control sequences out of 65536+600000
 26 fonts using 1033735 bytes
 18i,2n,21p,1358b,94s stack positions out of 5000i,500n,10000p,200000b,100000s
!  ==> Fatal error occurred, no output PDF file produced!
