This is LuaTeX, Version beta-0.80.0 (TeX Live 2015/Debian) (rev 5238)  (format=lualatex 2018.10.30)  20 NOV 2019 18:19
 restricted \write18 enabled.
**wwqqlnuAnalysis_anguiano.tex
(./wwqqlnuAnalysis_anguiano.tex
LaTeX2e <2016/02/01>
Babel <3.9q> and hyphenation patterns for 1 language(s) loaded.
(/usr/share/texlive/texmf-dist/tex/latex/beamer/beamer.cls
(/usr/share/texlive/texmf-dist/tex/latex/beamer/beamerbasercs.sty
Package: beamerbasercs 2015/03/08 (rcs-revision 368aa9ba9d38)
)
Document Class: beamer 2015/01/05 3.36 A class for typesetting presentations (rc
s-revision 8a39122e1f63)
(/usr/share/texlive/texmf-dist/tex/latex/beamer/beamerbasemodes.sty
Package: beamerbasemodes 2013/09/03 (rcs-revision 768f2d98ca64)
\beamer@tempbox=\box26
\beamer@tempcount=\count79
\c@beamerpauses=\count80

(/usr/share/texlive/texmf-dist/tex/latex/beamer/beamerbasedecode.sty
Package: beamerbasedecode 2010/05/01 (rcs-revision efa082c6111d)
\beamer@slideinframe=\count81
\beamer@minimum=\count82
)
\beamer@commentbox=\box27
\beamer@modecount=\count83
)
(/usr/share/texlive/texmf-dist/tex/generic/oberdiek/ifpdf.sty
Package: ifpdf 2011/01/30 v2.3 Provides the ifpdf switch (HO)
Package ifpdf Info: pdfTeX in PDF mode is detected.
)
\headheight=\dimen102
\headdp=\dimen103
\footheight=\dimen104
\sidebarheight=\dimen105
\beamer@tempdim=\dimen106
\beamer@finalheight=\dimen107
\beamer@animht=\dimen108
\beamer@animdp=\dimen109
\beamer@animwd=\dimen110
\beamer@leftmargin=\dimen111
\beamer@rightmargin=\dimen112
\beamer@leftsidebar=\dimen113
\beamer@rightsidebar=\dimen114
\beamer@boxsize=\dimen115
\beamer@vboxoffset=\dimen116
\beamer@descdefault=\dimen117
\beamer@descriptionwidth=\dimen118
\beamer@lastskip=\skip41
\beamer@areabox=\box28
\beamer@animcurrent=\box29
\beamer@animshowbox=\box30
\beamer@sectionbox=\box31
\beamer@logobox=\box32
\beamer@linebox=\box33
\beamer@sectioncount=\count84
\beamer@subsubsectionmax=\count85
\beamer@subsectionmax=\count86
\beamer@sectionmax=\count87
\beamer@totalheads=\count88
\beamer@headcounter=\count89
\beamer@partstartpage=\count90
\beamer@sectionstartpage=\count91
\beamer@subsectionstartpage=\count92
\beamer@animationtempa=\count93
\beamer@animationtempb=\count94
\beamer@xpos=\count95
\beamer@ypos=\count96
\beamer@showpartnumber=\count97
\beamer@currentsubsection=\count98
\beamer@coveringdepth=\count99
\beamer@sectionadjust=\count100
\beamer@tocsectionnumber=\count101

(/usr/share/texlive/texmf-dist/tex/latex/beamer/beamerbaseoptions.sty
Package: beamerbaseoptions 2013/03/10 (rcs-revision 47431932db0d)

(/usr/share/texlive/texmf-dist/tex/latex/graphics/keyval.sty
Package: keyval 2014/10/28 v1.15 key=value parser (DPC)
\KV@toks@=\toks14
))
\beamer@paperwidth=\skip42
\beamer@paperheight=\skip43

(/usr/share/texlive/texmf-dist/tex/latex/geometry/geometry.sty
Package: geometry 2010/09/12 v5.6 Page Geometry

(/usr/share/texlive/texmf-dist/tex/generic/oberdiek/ifvtex.sty
Package: ifvtex 2010/03/01 v1.5 Detect VTeX and its facilities (HO)
Package ifvtex Info: VTeX not detected.
)
(/usr/share/texlive/texmf-dist/tex/generic/ifxetex/ifxetex.sty
Package: ifxetex 2010/09/12 v0.6 Provides ifxetex conditional
)
\Gm@cnth=\count102
\Gm@cntv=\count103
\c@Gm@tempcnt=\count104
\Gm@bindingoffset=\dimen119
\Gm@wd@mp=\dimen120
\Gm@odd@mp=\dimen121
\Gm@even@mp=\dimen122
\Gm@layoutwidth=\dimen123
\Gm@layoutheight=\dimen124
\Gm@layouthoffset=\dimen125
\Gm@layoutvoffset=\dimen126
\Gm@dimlist=\toks15
)
(/usr/share/texlive/texmf-dist/tex/latex/base/size10.clo
File: size10.clo 2014/09/29 v1.4h Standard LaTeX file (size option)
)
(/usr/share/texlive/texmf-dist/tex/latex/pgf/basiclayer/pgfcore.sty
(/usr/share/texlive/texmf-dist/tex/latex/graphics/graphicx.sty
Package: graphicx 2014/10/28 v1.0g Enhanced LaTeX Graphics (DPC,SPQR)

(/usr/share/texlive/texmf-dist/tex/latex/graphics/graphics.sty
Package: graphics 2016/01/03 v1.0q Standard LaTeX Graphics (DPC,SPQR)

(/usr/share/texlive/texmf-dist/tex/latex/graphics/trig.sty
Package: trig 2016/01/03 v1.10 sin cos tan (DPC)
)
(/usr/share/texlive/texmf-dist/tex/latex/latexconfig/graphics.cfg
File: graphics.cfg 2010/04/23 v1.9 graphics configuration of TeX Live
)
Package graphics Info: Driver file: pdftex.def on input line 95.

(/usr/share/texlive/texmf-dist/tex/latex/pdftex-def/pdftex.def
File: pdftex.def 2011/05/27 v0.06d Graphics/color for pdfTeX

(/usr/share/texlive/texmf-dist/tex/generic/oberdiek/infwarerr.sty
Package: infwarerr 2010/04/08 v1.3 Providing info/warning/error messages (HO)
)
(/usr/share/texlive/texmf-dist/tex/generic/oberdiek/ltxcmds.sty
Package: ltxcmds 2011/11/09 v1.22 LaTeX kernel commands for general use (HO)
)
\Gread@gobject=\count105
))
\Gin@req@height=\dimen127
\Gin@req@width=\dimen128
)
(/usr/share/texlive/texmf-dist/tex/latex/pgf/systemlayer/pgfsys.sty
(/usr/share/texlive/texmf-dist/tex/latex/pgf/utilities/pgfrcs.sty
(/usr/share/texlive/texmf-dist/tex/generic/pgf/utilities/pgfutil-common.tex
\pgfutil@everybye=\toks16
\pgfutil@tempdima=\dimen129
\pgfutil@tempdimb=\dimen130

(/usr/share/texlive/texmf-dist/tex/generic/pgf/utilities/pgfutil-common-lists.t
ex)) (/usr/share/texlive/texmf-dist/tex/generic/pgf/utilities/pgfutil-latex.def
\pgfutil@abb=\box34
(/usr/share/texlive/texmf-dist/tex/latex/ms/everyshi.sty
Package: everyshi 2001/05/15 v3.00 EveryShipout Package (MS)
))
(/usr/share/texlive/texmf-dist/tex/generic/pgf/utilities/pgfrcs.code.tex
Package: pgfrcs 2015/08/07 v3.0.1a (rcs-revision 1.31)
))
(/usr/share/texlive/texmf-dist/tex/generic/pgf/systemlayer/pgfsys.code.tex
Package: pgfsys 2014/07/09 v3.0.1a (rcs-revision 1.48)

(/usr/share/texlive/texmf-dist/tex/generic/pgf/utilities/pgfkeys.code.tex
\pgfkeys@pathtoks=\toks17
\pgfkeys@temptoks=\toks18

(/usr/share/texlive/texmf-dist/tex/generic/pgf/utilities/pgfkeysfiltered.code.t
ex
\pgfkeys@tmptoks=\toks19
))
\pgf@x=\dimen131
\pgf@y=\dimen132
\pgf@xa=\dimen133
\pgf@ya=\dimen134
\pgf@xb=\dimen135
\pgf@yb=\dimen136
\pgf@xc=\dimen137
\pgf@yc=\dimen138
\w@pgf@writea=\write3
\r@pgf@reada=\read1
\c@pgf@counta=\count106
\c@pgf@countb=\count107
\c@pgf@countc=\count108
\c@pgf@countd=\count109
\t@pgf@toka=\toks20
\t@pgf@tokb=\toks21
\t@pgf@tokc=\toks22
 (/usr/share/texlive/texmf-dist/tex/generic/pgf/systemlayer/pgf.cfg
File: pgf.cfg 2008/05/14  (rcs-revision 1.7)
)
Driver file for pgf: pgfsys-pdftex.def

(/usr/share/texlive/texmf-dist/tex/generic/pgf/systemlayer/pgfsys-pdftex.def
File: pgfsys-pdftex.def 2014/10/11  (rcs-revision 1.35)

(/usr/share/texlive/texmf-dist/tex/generic/pgf/systemlayer/pgfsys-common-pdf.de
f
File: pgfsys-common-pdf.def 2013/10/10  (rcs-revision 1.13)
)))
(/usr/share/texlive/texmf-dist/tex/generic/pgf/systemlayer/pgfsyssoftpath.code.
tex
File: pgfsyssoftpath.code.tex 2013/09/09  (rcs-revision 1.9)
\pgfsyssoftpath@smallbuffer@items=\count110
\pgfsyssoftpath@bigbuffer@items=\count111
)
(/usr/share/texlive/texmf-dist/tex/generic/pgf/systemlayer/pgfsysprotocol.code.
tex
File: pgfsysprotocol.code.tex 2006/10/16  (rcs-revision 1.4)
)) (/usr/share/texlive/texmf-dist/tex/latex/xcolor/xcolor.sty
Package: xcolor 2007/01/21 v2.11 LaTeX color extensions (UK)

(/usr/share/texlive/texmf-dist/tex/latex/latexconfig/color.cfg
File: color.cfg 2007/01/18 v1.5 color configuration of teTeX/TeXLive
)
Package xcolor Info: Driver file: pdftex.def on input line 225.
Package xcolor Info: Model `cmy' substituted by `cmy0' on input line 1337.
Package xcolor Info: Model `hsb' substituted by `rgb' on input line 1341.
Package xcolor Info: Model `RGB' extended on input line 1353.
Package xcolor Info: Model `HTML' substituted by `rgb' on input line 1355.
Package xcolor Info: Model `Hsb' substituted by `hsb' on input line 1356.
Package xcolor Info: Model `tHsb' substituted by `hsb' on input line 1357.
Package xcolor Info: Model `HSB' substituted by `hsb' on input line 1358.
Package xcolor Info: Model `Gray' substituted by `gray' on input line 1359.
Package xcolor Info: Model `wave' substituted by `hsb' on input line 1360.
)
(/usr/share/texlive/texmf-dist/tex/generic/pgf/basiclayer/pgfcore.code.tex
Package: pgfcore 2010/04/11 v3.0.1a (rcs-revision 1.7)

(/usr/share/texlive/texmf-dist/tex/generic/pgf/math/pgfmath.code.tex
(/usr/share/texlive/texmf-dist/tex/generic/pgf/math/pgfmathcalc.code.tex
(/usr/share/texlive/texmf-dist/tex/generic/pgf/math/pgfmathutil.code.tex)
(/usr/share/texlive/texmf-dist/tex/generic/pgf/math/pgfmathparser.code.tex
\pgfmath@dimen=\dimen139
\pgfmath@count=\count112
\pgfmath@box=\box35
\pgfmath@toks=\toks23
\pgfmath@stack@operand=\toks24
\pgfmath@stack@operation=\toks25
)
(/usr/share/texlive/texmf-dist/tex/generic/pgf/math/pgfmathfunctions.code.tex
(/usr/share/texlive/texmf-dist/tex/generic/pgf/math/pgfmathfunctions.basic.code
.tex)
(/usr/share/texlive/texmf-dist/tex/generic/pgf/math/pgfmathfunctions.trigonomet
ric.code.tex)
(/usr/share/texlive/texmf-dist/tex/generic/pgf/math/pgfmathfunctions.random.cod
e.tex)
(/usr/share/texlive/texmf-dist/tex/generic/pgf/math/pgfmathfunctions.comparison
.code.tex)
(/usr/share/texlive/texmf-dist/tex/generic/pgf/math/pgfmathfunctions.base.code.
tex)
(/usr/share/texlive/texmf-dist/tex/generic/pgf/math/pgfmathfunctions.round.code
.tex)
(/usr/share/texlive/texmf-dist/tex/generic/pgf/math/pgfmathfunctions.misc.code.
tex)
(/usr/share/texlive/texmf-dist/tex/generic/pgf/math/pgfmathfunctions.integerari
thmetics.code.tex)))
(/usr/share/texlive/texmf-dist/tex/generic/pgf/math/pgfmathfloat.code.tex
\c@pgfmathroundto@lastzeros=\count113
))
(/usr/share/texlive/texmf-dist/tex/generic/pgf/basiclayer/pgfcorepoints.code.te
x
File: pgfcorepoints.code.tex 2013/10/07  (rcs-revision 1.27)
\pgf@picminx=\dimen140
\pgf@picmaxx=\dimen141
\pgf@picminy=\dimen142
\pgf@picmaxy=\dimen143
\pgf@pathminx=\dimen144
\pgf@pathmaxx=\dimen145
\pgf@pathminy=\dimen146
\pgf@pathmaxy=\dimen147
\pgf@xx=\dimen148
\pgf@xy=\dimen149
\pgf@yx=\dimen150
\pgf@yy=\dimen151
\pgf@zx=\dimen152
\pgf@zy=\dimen153
)
(/usr/share/texlive/texmf-dist/tex/generic/pgf/basiclayer/pgfcorepathconstruct.
code.tex
File: pgfcorepathconstruct.code.tex 2013/10/07  (rcs-revision 1.29)
\pgf@path@lastx=\dimen154
\pgf@path@lasty=\dimen155
)
(/usr/share/texlive/texmf-dist/tex/generic/pgf/basiclayer/pgfcorepathusage.code
.tex
File: pgfcorepathusage.code.tex 2014/11/02  (rcs-revision 1.24)
\pgf@shorten@end@additional=\dimen156
\pgf@shorten@start@additional=\dimen157
)
(/usr/share/texlive/texmf-dist/tex/generic/pgf/basiclayer/pgfcorescopes.code.te
x
File: pgfcorescopes.code.tex 2015/05/08  (rcs-revision 1.46)
\pgfpic=\box36
\pgf@hbox=\box37
\pgf@layerbox@main=\box38
\pgf@picture@serial@count=\count114
)
(/usr/share/texlive/texmf-dist/tex/generic/pgf/basiclayer/pgfcoregraphicstate.c
ode.tex
File: pgfcoregraphicstate.code.tex 2014/11/02  (rcs-revision 1.12)
\pgflinewidth=\dimen158
)
(/usr/share/texlive/texmf-dist/tex/generic/pgf/basiclayer/pgfcoretransformation
s.code.tex
File: pgfcoretransformations.code.tex 2015/08/07  (rcs-revision 1.20)
\pgf@pt@x=\dimen159
\pgf@pt@y=\dimen160
\pgf@pt@temp=\dimen161
)
(/usr/share/texlive/texmf-dist/tex/generic/pgf/basiclayer/pgfcorequick.code.tex
File: pgfcorequick.code.tex 2008/10/09  (rcs-revision 1.3)
)
(/usr/share/texlive/texmf-dist/tex/generic/pgf/basiclayer/pgfcoreobjects.code.t
ex
File: pgfcoreobjects.code.tex 2006/10/11  (rcs-revision 1.2)
)
(/usr/share/texlive/texmf-dist/tex/generic/pgf/basiclayer/pgfcorepathprocessing
.code.tex
File: pgfcorepathprocessing.code.tex 2013/09/09  (rcs-revision 1.9)
)
(/usr/share/texlive/texmf-dist/tex/generic/pgf/basiclayer/pgfcorearrows.code.te
x
File: pgfcorearrows.code.tex 2015/05/14  (rcs-revision 1.43)
\pgfarrowsep=\dimen162
)
(/usr/share/texlive/texmf-dist/tex/generic/pgf/basiclayer/pgfcoreshade.code.tex
File: pgfcoreshade.code.tex 2013/07/15  (rcs-revision 1.15)
\pgf@max=\dimen163
\pgf@sys@shading@range@num=\count115
)
(/usr/share/texlive/texmf-dist/tex/generic/pgf/basiclayer/pgfcoreimage.code.tex
File: pgfcoreimage.code.tex 2013/07/15  (rcs-revision 1.18)

(/usr/share/texlive/texmf-dist/tex/generic/pgf/basiclayer/pgfcoreexternal.code.
tex
File: pgfcoreexternal.code.tex 2014/07/09  (rcs-revision 1.21)
\pgfexternal@startupbox=\box39
))
(/usr/share/texlive/texmf-dist/tex/generic/pgf/basiclayer/pgfcorelayers.code.te
x
File: pgfcorelayers.code.tex 2013/07/18  (rcs-revision 1.7)
)
(/usr/share/texlive/texmf-dist/tex/generic/pgf/basiclayer/pgfcoretransparency.c
ode.tex
File: pgfcoretransparency.code.tex 2013/09/30  (rcs-revision 1.5)
)
(/usr/share/texlive/texmf-dist/tex/generic/pgf/basiclayer/pgfcorepatterns.code.
tex
File: pgfcorepatterns.code.tex 2013/11/07  (rcs-revision 1.5)
))) (/usr/share/texlive/texmf-dist/tex/latex/pgf/utilities/xxcolor.sty
Package: xxcolor 2003/10/24 ver 0.1
\XC@nummixins=\count116
\XC@countmixins=\count117
)
(/usr/share/texlive/texmf-dist/tex/generic/oberdiek/atbegshi.sty
Package: atbegshi 2011/10/05 v1.16 At begin shipout hook (HO)
)
(/usr/share/texlive/texmf-dist/tex/latex/hyperref/hyperref.sty
Package: hyperref 2012/11/06 v6.83m Hypertext links for LaTeX

(/usr/share/texlive/texmf-dist/tex/generic/oberdiek/hobsub-hyperref.sty
Package: hobsub-hyperref 2012/05/28 v1.13 Bundle oberdiek, subset hyperref (HO)

(/usr/share/texlive/texmf-dist/tex/generic/oberdiek/hobsub-generic.sty
Package: hobsub-generic 2012/05/28 v1.13 Bundle oberdiek, subset generic (HO)
Package: hobsub 2012/05/28 v1.13 Construct package bundles (HO)
Package hobsub Info: Skipping package `infwarerr' (already loaded).
Package hobsub Info: Skipping package `ltxcmds' (already loaded).
Package: ifluatex 2010/03/01 v1.3 Provides the ifluatex switch (HO)
Package ifluatex Info: LuaTeX detected.
Package hobsub Info: Skipping package `ifvtex' (already loaded).
Package: intcalc 2007/09/27 v1.1 Expandable calculations with integers (HO)
Package hobsub Info: Skipping package `ifpdf' (already loaded).
Package: etexcmds 2011/02/16 v1.5 Avoid name clashes with e-TeX commands (HO)
Package: kvsetkeys 2012/04/25 v1.16 Key value parser (HO)
Package: kvdefinekeys 2011/04/07 v1.3 Define keys (HO)
Package: luatex-loader 2010/03/09 v0.4 Lua module loader (HO)

(/usr/share/texlive/texmf-dist/scripts/oberdiek/oberdiek.luatex.lua)
Package: pdftexcmds 2011/11/29 v0.20 Utility functions of pdfTeX for LuaTeX (HO)

Package pdftexcmds Info: \pdf@primitive is available.
Package pdftexcmds Info: \pdf@ifprimitive is available.
Package pdftexcmds Info: \pdfdraftmode found.
\pdftexcmds@toks=\toks26
Package: pdfescape 2011/11/25 v1.13 Implements pdfTeX's escape features (HO)
Package: bigintcalc 2012/04/08 v1.3 Expandable calculations on big integers (HO)

Package: bitset 2011/01/30 v1.1 Handle bit-vector datatype (HO)
Package: uniquecounter 2011/01/30 v1.2 Provide unlimited unique counter (HO)
)
Package hobsub Info: Skipping package `hobsub' (already loaded).
Package: letltxmacro 2010/09/02 v1.4 Let assignment for LaTeX macros (HO)
Package: hopatch 2012/05/28 v1.2 Wrapper for package hooks (HO)
Package: xcolor-patch 2011/01/30 xcolor patch
Package: atveryend 2011/06/30 v1.8 Hooks at the very end of document (HO)
Package atveryend Info: \enddocument detected (standard20110627).
Package hobsub Info: Skipping package `atbegshi' (already loaded).
Package: refcount 2011/10/16 v3.4 Data extraction from label references (HO)
Package: hycolor 2011/01/30 v1.7 Color options for hyperref/bookmark (HO)
)
(/usr/share/texlive/texmf-dist/tex/latex/oberdiek/auxhook.sty
Package: auxhook 2011/03/04 v1.3 Hooks for auxiliary files (HO)
)
(/usr/share/texlive/texmf-dist/tex/latex/oberdiek/kvoptions.sty
Package: kvoptions 2011/06/30 v3.11 Key value format for package options (HO)
)
\@linkdim=\dimen164
\Hy@linkcounter=\count118
\Hy@pagecounter=\count119

(/usr/share/texlive/texmf-dist/tex/latex/hyperref/pd1enc.def
File: pd1enc.def 2012/11/06 v6.83m Hyperref: PDFDocEncoding definition (HO)
)
\Hy@SavedSpaceFactor=\count120

(/usr/share/texlive/texmf-dist/tex/latex/latexconfig/hyperref.cfg
File: hyperref.cfg 2002/06/06 v1.2 hyperref configuration of TeXLive
)
Package hyperref Info: Option `bookmarks' set `true' on input line 4319.
Package hyperref Info: Option `bookmarksopen' set `true' on input line 4319.
Package hyperref Info: Option `implicit' set `false' on input line 4319.
Package hyperref Info: Hyper figures OFF on input line 4443.
Package hyperref Info: Link nesting OFF on input line 4448.
Package hyperref Info: Hyper index ON on input line 4451.
Package hyperref Info: Plain pages OFF on input line 4458.
Package hyperref Info: Backreferencing OFF on input line 4463.
Package hyperref Info: Implicit mode OFF; no redefinition of LaTeX internals.
Package hyperref Info: Bookmarks ON on input line 4688.
\c@Hy@tempcnt=\count121

(/usr/share/texlive/texmf-dist/tex/latex/url/url.sty
\Urlmuskip=\muskip10
Package: url 2013/09/16  ver 3.4  Verb mode for urls, etc.
)
LaTeX Info: Redefining \url on input line 5041.
\XeTeXLinkMargin=\dimen165
\Fld@menulength=\count122
\Field@Width=\dimen166
\Fld@charsize=\dimen167
Package hyperref Info: Hyper figures OFF on input line 6295.
Package hyperref Info: Link nesting OFF on input line 6300.
Package hyperref Info: Hyper index ON on input line 6303.
Package hyperref Info: backreferencing OFF on input line 6310.
Package hyperref Info: Link coloring OFF on input line 6315.
Package hyperref Info: Link coloring with OCG OFF on input line 6320.
Package hyperref Info: PDF/A mode OFF on input line 6325.
LaTeX Info: Redefining \ref on input line 6365.
LaTeX Info: Redefining \pageref on input line 6369.
\Hy@abspage=\count123


Package hyperref Message: Stopped early.

)

Package hyperref Message: Driver (autodetected): hpdftex.

(/usr/share/texlive/texmf-dist/tex/latex/hyperref/hpdftex.def
File: hpdftex.def 2012/11/06 v6.83m Hyperref driver for pdfTeX
\Fld@listcount=\count124
\c@bookmark@seq@number=\count125

(/usr/share/texlive/texmf-dist/tex/latex/oberdiek/rerunfilecheck.sty
Package: rerunfilecheck 2011/04/15 v1.7 Rerun checks for auxiliary files (HO)
Package uniquecounter Info: New unique counter `rerunfilecheck' on input line 28
2.
))
(/usr/share/texlive/texmf-dist/tex/latex/beamer/beamerbaserequires.sty
Package: beamerbaserequires 2010/05/01  (rcs-revision efa082c6111d)

(/usr/share/texlive/texmf-dist/tex/latex/beamer/beamerbasecompatibility.sty
Package: beamerbasecompatibility 2012/05/01  (rcs-revision 67c48b3b652d)
)
(/usr/share/texlive/texmf-dist/tex/latex/beamer/beamerbasefont.sty
Package: beamerbasefont 2015/01/05  (rcs-revision b4b4bee242e2)

(/usr/share/texlive/texmf-dist/tex/latex/amsfonts/amssymb.sty
Package: amssymb 2013/01/14 v3.01 AMS font symbols

(/usr/share/texlive/texmf-dist/tex/latex/amsfonts/amsfonts.sty
Package: amsfonts 2013/01/14 v3.01 Basic AMSFonts support
\@emptytoks=\toks27
\symAMSa=\mathgroup4
\symAMSb=\mathgroup5
LaTeX Font Info:    Overwriting math alphabet `\mathfrak' in version `bold'
(Font)                  U/euf/m/n --> U/euf/b/n on input line 106.
))
(/usr/share/texlive/texmf-dist/tex/latex/sansmathaccent/sansmathaccent.sty
Package: sansmathaccent 2013/03/28

(/usr/share/texlive/texmf-dist/tex/latex/filehook/filehook.sty
Package: filehook 2011/10/12 v0.5d Hooks for input files
)))
(/usr/share/texlive/texmf-dist/tex/latex/beamer/beamerbasetranslator.sty
Package: beamerbasetranslator 2010/06/11  (rcs-revision 85fd1cc7fc42)

(/usr/share/texlive/texmf-dist/tex/latex/beamer/translator/translator.sty
Package: translator 2010/06/12 ver 1.10

(/usr/share/texlive/texmf-dist/tex/latex/beamer/translator/translator-language-
mappings.tex)))
(/usr/share/texlive/texmf-dist/tex/latex/beamer/beamerbasemisc.sty
Package: beamerbasemisc 2013/09/03  (rcs-revision a55719c41d85)
)
(/usr/share/texlive/texmf-dist/tex/latex/beamer/beamerbasetwoscreens.sty
Package: beamerbasetwoscreens 2010/05/01  (rcs-revision efa082c6111d)
)
(/usr/share/texlive/texmf-dist/tex/latex/beamer/beamerbaseoverlay.sty
Package: beamerbaseoverlay 2013/12/25  (rcs-revision f6bd5e3805da)
\beamer@argscount=\count126
\beamer@lastskipcover=\skip44
\beamer@trivlistdepth=\count127
)
(/usr/share/texlive/texmf-dist/tex/latex/beamer/beamerbasetitle.sty
Package: beamerbasetitle 2010/09/21  (rcs-revision f0446ed0b6ae)
)
(/usr/share/texlive/texmf-dist/tex/latex/beamer/beamerbasesection.sty
Package: beamerbasesection 2013/06/07  (rcs-revision 60b9fe0f342f)
\c@lecture=\count128
\c@part=\count129
\c@section=\count130
\c@subsection=\count131
\c@subsubsection=\count132
)
(/usr/share/texlive/texmf-dist/tex/latex/beamer/beamerbaseframe.sty
Package: beamerbaseframe 2014/02/20  (rcs-revision 4b8ceeeff434)
\beamer@framebox=\box40
\beamer@frametitlebox=\box41
\beamer@zoombox=\box42
\beamer@zoomcount=\count133
\beamer@zoomframecount=\count134
\beamer@frametextheight=\dimen168
\c@subsectionslide=\count135
\beamer@frametopskip=\skip45
\beamer@framebottomskip=\skip46
\beamer@frametopskipautobreak=\skip47
\beamer@framebottomskipautobreak=\skip48
\beamer@envbody=\toks28
\framewidth=\dimen169
\c@framenumber=\count136
)
(/usr/share/texlive/texmf-dist/tex/latex/beamer/beamerbaseverbatim.sty
Package: beamerbaseverbatim 2015/01/05  (rcs-revision 431510bb5890)
\beamer@verbatimfileout=\write4
)
(/usr/share/texlive/texmf-dist/tex/latex/beamer/beamerbaseframesize.sty
Package: beamerbaseframesize 2011/09/12  (rcs-revision 70f9d8411e54)
\beamer@splitbox=\box43
\beamer@autobreakcount=\count137
\beamer@autobreaklastheight=\dimen170
\beamer@frametitletoks=\toks29
\beamer@framesubtitletoks=\toks30
)
(/usr/share/texlive/texmf-dist/tex/latex/beamer/beamerbaseframecomponents.sty
Package: beamerbaseframecomponents 2013/10/18  (rcs-revision 5cf6c5555a45)
\beamer@footins=\box44
)
(/usr/share/texlive/texmf-dist/tex/latex/beamer/beamerbasecolor.sty
Package: beamerbasecolor 2015/02/21  (rcs-revision d944b04ee2d5)
)
(/usr/share/texlive/texmf-dist/tex/latex/beamer/beamerbasenotes.sty
Package: beamerbasenotes 2012/12/19  (rcs-revision 1686da3db3c9)
\beamer@frameboxcopy=\box45
)
(/usr/share/texlive/texmf-dist/tex/latex/beamer/beamerbasetoc.sty
Package: beamerbasetoc 2015/03/08  (rcs-revision 7270298bbaae)
)
(/usr/share/texlive/texmf-dist/tex/latex/beamer/beamerbasetemplates.sty
Package: beamerbasetemplates 2010/05/01  (rcs-revision efa082c6111d)
\beamer@sbttoks=\toks31

(/usr/share/texlive/texmf-dist/tex/latex/beamer/beamerbaseauxtemplates.sty
Package: beamerbaseauxtemplates 2014/06/30  (rcs-revision 580088513a67)

(/usr/share/texlive/texmf-dist/tex/latex/beamer/beamerbaseboxes.sty
Package: beamerbaseboxes 2012/05/13  (rcs-revision 56972908a390)
\bmb@box=\box46
\bmb@colorbox=\box47
\bmb@boxshadow=\box48
\bmb@boxshadowball=\box49
\bmb@boxshadowballlarge=\box50
\bmb@temp=\dimen171
\bmb@dima=\dimen172
\bmb@dimb=\dimen173
\bmb@prevheight=\dimen174
)
\beamer@blockheadheight=\dimen175
))
(/usr/share/texlive/texmf-dist/tex/latex/beamer/beamerbaselocalstructure.sty
Package: beamerbaselocalstructure 2014/09/10  (rcs-revision 393f6dcff371)

(/usr/share/texlive/texmf-dist/tex/latex/tools/enumerate.sty
Package: enumerate 2015/07/23 v3.00 enumerate extensions (DPC)
\@enLab=\toks32
)
\c@figure=\count138
\c@table=\count139
\abovecaptionskip=\skip49
\belowcaptionskip=\skip50
)
(/usr/share/texlive/texmf-dist/tex/latex/beamer/beamerbasenavigation.sty
Package: beamerbasenavigation 2015/02/27  (rcs-revision 923f4bf87efa)
\beamer@section@min@dim=\dimen176
)
(/usr/share/texlive/texmf-dist/tex/latex/beamer/beamerbasetheorems.sty
Package: beamerbasetheorems 2010/06/06  (rcs-revision 7e7cc5e53e9d)

(/usr/share/texlive/texmf-dist/tex/latex/amsmath/amsmath.sty
Package: amsmath 2016/03/03 v2.15a AMS math features
\@mathmargin=\skip51

For additional information on amsmath, use the `?' option.
(/usr/share/texlive/texmf-dist/tex/latex/amsmath/amstext.sty
Package: amstext 2000/06/29 v2.01 AMS text

(/usr/share/texlive/texmf-dist/tex/latex/amsmath/amsgen.sty
File: amsgen.sty 1999/11/30 v2.0 generic functions
\@emptytoks=\toks33
\ex@=\dimen177
))
(/usr/share/texlive/texmf-dist/tex/latex/amsmath/amsbsy.sty
Package: amsbsy 1999/11/29 v1.2d Bold Symbols
\pmbraise@=\dimen178
)
(/usr/share/texlive/texmf-dist/tex/latex/amsmath/amsopn.sty
Package: amsopn 1999/12/14 v2.01 operator names
)
\inf@bad=\count140
LaTeX Info: Redefining \frac on input line 199.
\uproot@=\count141
\leftroot@=\count142
LaTeX Info: Redefining \overline on input line 297.
\classnum@=\count143
\DOTSCASE@=\count144
LaTeX Info: Redefining \ldots on input line 394.
LaTeX Info: Redefining \dots on input line 397.
LaTeX Info: Redefining \cdots on input line 518.
\Mathstrutbox@=\box51
\strutbox@=\box52
\big@size=\dimen179
LaTeX Font Info:    Redeclaring font encoding OML on input line 630.
LaTeX Font Info:    Redeclaring font encoding OMS on input line 631.
\macc@depth=\count145
\c@MaxMatrixCols=\count146
\dotsspace@=\muskip11
\c@parentequation=\count147
\dspbrk@lvl=\count148
\tag@help=\toks34
\row@=\count149
\column@=\count150
\maxfields@=\count151
\andhelp@=\toks35
\eqnshift@=\dimen180
\alignsep@=\dimen181
\tagshift@=\dimen182
\tagwidth@=\dimen183
\totwidth@=\dimen184
\lineht@=\dimen185
\@envbody=\toks36
\multlinegap=\skip52
\multlinetaggap=\skip53
\mathdisplay@stack=\toks37
LaTeX Info: Redefining \[ on input line 2735.
LaTeX Info: Redefining \] on input line 2736.
)
(/usr/share/texlive/texmf-dist/tex/latex/amscls/amsthm.sty
Package: amsthm 2015/03/04 v2.20.2
\thm@style=\toks38
\thm@bodyfont=\toks39
\thm@headfont=\toks40
\thm@notefont=\toks41
\thm@headpunct=\toks42
\thm@preskip=\skip54
\thm@postskip=\skip55
\thm@headsep=\skip56
\dth@everypar=\toks43
)
\c@theorem=\count152
)
(/usr/share/texlive/texmf-dist/tex/latex/beamer/beamerbasethemes.sty
Package: beamerbasethemes 2010/05/01  (rcs-revision efa082c6111d)
))
(/usr/share/texlive/texmf-dist/tex/latex/beamer/themes/theme/beamerthemedefault
.sty
Package: beamerthemedefault 2010/06/17  (rcs-revision d02a7cf4d8ae)

(/usr/share/texlive/texmf-dist/tex/latex/beamer/themes/font/beamerfontthemedefa
ult.sty
Package: beamerfontthemedefault 2012/12/19  (rcs-revision 1686da3db3c9)
)
(/usr/share/texlive/texmf-dist/tex/latex/beamer/themes/color/beamercolorthemede
fault.sty
Package: beamercolorthemedefault 2012/12/19  (rcs-revision 1686da3db3c9)
)
(/usr/share/texlive/texmf-dist/tex/latex/beamer/themes/inner/beamerinnerthemede
fault.sty
Package: beamerinnerthemedefault 2014/06/30  (rcs-revision 580088513a67)
\beamer@dima=\dimen186
\beamer@dimb=\dimen187
)
(/usr/share/texlive/texmf-dist/tex/latex/beamer/themes/outer/beamerouterthemede
fault.sty
Package: beamerouterthemedefault 2012/12/19  (rcs-revision 1686da3db3c9)
)))
(/usr/share/texlive/texmf-dist/tex/latex/beamer/themes/theme/beamerthemeRochest
er.sty
Package: beamerthemeRochester 2010/06/17  (rcs-revision d02a7cf4d8ae)

(/usr/share/texlive/texmf-dist/tex/latex/beamer/themes/outer/beamerouterthemesi
debar.sty
Package: beamerouterthemesidebar 2010/06/17  (rcs-revision d02a7cf4d8ae)
\beamer@sidebarwidth=\dimen188
\beamer@headheight=\dimen189
)
(/usr/share/texlive/texmf-dist/tex/latex/beamer/themes/inner/beamerinnerthemere
ctangles.sty
Package: beamerinnerthemerectangles 2010/06/17  (rcs-revision d02a7cf4d8ae)
)
(/usr/share/texlive/texmf-dist/tex/latex/beamer/themes/color/beamercolorthemewh
ale.sty
Package: beamercolorthemewhale 2010/06/17  (rcs-revision d02a7cf4d8ae)
)
(/usr/share/texlive/texmf-dist/tex/latex/beamer/themes/color/beamercolorthemeor
chid.sty
Package: beamercolorthemeorchid 2010/06/17  (rcs-revision d02a7cf4d8ae)
)) (/usr/share/texlive/texmf-dist/tex/latex/base/inputenc.sty
Package: inputenc 2015/03/17 v1.2c Input encoding file
\inpenc@prehook=\toks44
\inpenc@posthook=\toks45


Package inputenc Warning: inputenc package ignored with utf8 based engines.

) (/usr/share/texlive/texmf-dist/tex/latex/adjustbox/adjustbox.sty
Package: adjustbox 2012/05/21 v1.0 Adjusting TeX boxes (trim, clip, ...)

(/usr/share/texlive/texmf-dist/tex/latex/xkeyval/xkeyval.sty
Package: xkeyval 2014/12/03 v2.7a package option processing (HA)

(/usr/share/texlive/texmf-dist/tex/generic/xkeyval/xkeyval.tex
(/usr/share/texlive/texmf-dist/tex/generic/xkeyval/xkvutils.tex
\XKV@toks=\toks46
\XKV@tempa@toks=\toks47
)
\XKV@depth=\count153
File: xkeyval.tex 2014/12/03 v2.7a key=value parser (HA)
))
(/usr/share/texlive/texmf-dist/tex/latex/adjustbox/adjcalc.sty
Package: adjcalc 2012/05/16 v1.1 Provides advanced setlength with multiple back-
ends (calc, etex, pgfmath)
)
(/usr/share/texlive/texmf-dist/tex/latex/adjustbox/trimclip.sty
Package: trimclip 2012/05/16 v1.0 Trim and clip general TeX material

(/usr/share/texlive/texmf-dist/tex/latex/collectbox/collectbox.sty
Package: collectbox 2012/05/17 v0.4b Collect macro arguments as boxes
\collectedbox=\box53
)
\tc@llx=\dimen190
\tc@lly=\dimen191
\tc@urx=\dimen192
\tc@ury=\dimen193
Package trimclip Info: Using driver 'tc-pdftex.def'.

(/usr/share/texlive/texmf-dist/tex/latex/adjustbox/tc-pdftex.def
File: tc-pdftex.def 2012/05/13 v1.0 Clipping driver for pdftex
))
\adjbox@Width=\dimen194
\adjbox@Height=\dimen195
\adjbox@Depth=\dimen196
\adjbox@Totalheight=\dimen197

(/usr/share/texlive/texmf-dist/tex/latex/ifoddpage/ifoddpage.sty
Package: ifoddpage 2011/09/13 v1.0 Conditionals for odd/even page detection
\c@checkoddpage=\count154
)
(/usr/share/texlive/texmf-dist/tex/latex/varwidth/varwidth.sty
Package: varwidth 2009/03/30 ver 0.92;  Variable-width minipages
\@vwid@box=\box54
\sift@deathcycles=\count155
\@vwid@loff=\dimen198
\@vwid@roff=\dimen199
))
(/usr/share/texlive/texmf-dist/tex/latex/efbox/efbox.sty
Package: efbox 2014/03/19 1.0 An enhanced fbox command.
Package: efbox 2014/03/19 v1.0 An enhanced fbox command

(/usr/share/texlive/texmf-dist/tex/latex/pgf/utilities/pgfkeys.sty
(/usr/share/texlive/texmf-dist/tex/generic/pgf/utilities/pgfkeys.code.tex)))
(/usr/share/texlive/texmf-dist/tex/latex/colortbl/colortbl.sty
Package: colortbl 2012/02/13 v1.0a Color table columns (DPC)

(/usr/share/texlive/texmf-dist/tex/latex/tools/array.sty
Package: array 2014/10/28 v2.4c Tabular extension package (FMi)
\col@sep=\dimen256
\extrarowheight=\dimen257
\NC@list=\toks48
\extratabsurround=\skip57
\backup@length=\skip58
)
\everycr=\toks49
\minrowclearance=\skip59
)
(/usr/share/texlive/texmf-dist/tex/latex/oberdiek/transparent.sty
Package: transparent 2007/01/08 v1.0 Transparency via pdfTeX's color stack (HO)
)
(/usr/share/texlive/texmf-dist/tex/latex/tikz-feynman/tikz-feynman.sty
Package: tikz-feynman 2016/02/05v1.1.0Feynman diagrams with TikZ

(/usr/share/texlive/texmf-dist/tex/latex/pgf/frontendlayer/tikz.sty
(/usr/share/texlive/texmf-dist/tex/latex/pgf/basiclayer/pgf.sty
Package: pgf 2015/08/07 v3.0.1a (rcs-revision 1.15)

(/usr/share/texlive/texmf-dist/tex/generic/pgf/modules/pgfmoduleshapes.code.tex
File: pgfmoduleshapes.code.tex 2014/03/21  (rcs-revision 1.35)
\pgfnodeparttextbox=\box55
) (/usr/share/texlive/texmf-dist/tex/generic/pgf/modules/pgfmoduleplot.code.tex
File: pgfmoduleplot.code.tex 2015/08/03  (rcs-revision 1.13)
)
(/usr/share/texlive/texmf-dist/tex/latex/pgf/compatibility/pgfcomp-version-0-65
.sty
Package: pgfcomp-version-0-65 2007/07/03 v3.0.1a (rcs-revision 1.7)
\pgf@nodesepstart=\dimen258
\pgf@nodesepend=\dimen259
)
(/usr/share/texlive/texmf-dist/tex/latex/pgf/compatibility/pgfcomp-version-1-18
.sty
Package: pgfcomp-version-1-18 2007/07/23 v3.0.1a (rcs-revision 1.1)
)) (/usr/share/texlive/texmf-dist/tex/latex/pgf/utilities/pgffor.sty
(/usr/share/texlive/texmf-dist/tex/latex/pgf/math/pgfmath.sty
(/usr/share/texlive/texmf-dist/tex/generic/pgf/math/pgfmath.code.tex))
(/usr/share/texlive/texmf-dist/tex/generic/pgf/utilities/pgffor.code.tex
Package: pgffor 2013/12/13 v3.0.1a (rcs-revision 1.25)

(/usr/share/texlive/texmf-dist/tex/generic/pgf/math/pgfmath.code.tex)
\pgffor@iter=\dimen260
\pgffor@skip=\dimen261
\pgffor@stack=\toks50
\pgffor@toks=\toks51
))
(/usr/share/texlive/texmf-dist/tex/generic/pgf/frontendlayer/tikz/tikz.code.tex
Package: tikz 2015/08/07 v3.0.1a (rcs-revision 1.151)

(/usr/share/texlive/texmf-dist/tex/generic/pgf/libraries/pgflibraryplothandlers
.code.tex
File: pgflibraryplothandlers.code.tex 2013/08/31 v3.0.1a (rcs-revision 1.20)
\pgf@plot@mark@count=\count156
\pgfplotmarksize=\dimen262
)
\tikz@lastx=\dimen263
\tikz@lasty=\dimen264
\tikz@lastxsaved=\dimen265
\tikz@lastysaved=\dimen266
\tikzleveldistance=\dimen267
\tikzsiblingdistance=\dimen268
\tikz@figbox=\box56
\tikz@figbox@bg=\box57
\tikz@tempbox=\box58
\tikz@tempbox@bg=\box59
\tikztreelevel=\count157
\tikznumberofchildren=\count158
\tikznumberofcurrentchild=\count159
\tikz@fig@count=\count160

(/usr/share/texlive/texmf-dist/tex/generic/pgf/modules/pgfmodulematrix.code.tex
File: pgfmodulematrix.code.tex 2013/09/17  (rcs-revision 1.8)
\pgfmatrixcurrentrow=\count161
\pgfmatrixcurrentcolumn=\count162
\pgf@matrix@numberofcolumns=\count163
)
\tikz@expandcount=\count164

(/usr/share/texlive/texmf-dist/tex/generic/pgf/frontendlayer/tikz/libraries/tik
zlibrarytopaths.code.tex
File: tikzlibrarytopaths.code.tex 2008/06/17 v3.0.1a (rcs-revision 1.2)
)))
(/usr/share/texlive/texmf-dist/tex/latex/pgfopts/pgfopts.sty
Package: pgfopts 2014/07/10 v2.1a LaTeX package options with pgfkeys
\pgfopts@list@add@a@toks=\toks52
\pgfopts@list@add@b@toks=\toks53
)
(/usr/share/texlive/texmf-dist/tex/latex/tikz-feynman/tikzlibraryfeynman.code.t
ex
(/usr/share/texlive/texmf-dist/tex/generic/pgf/libraries/pgflibraryarrows.meta.
code.tex
File: pgflibraryarrows.meta.code.tex 2015/05/13 v3.0.1a (rcs-revision 1.13)
\pgfarrowinset=\dimen269
\pgfarrowlength=\dimen270
\pgfarrowwidth=\dimen271
\pgfarrowlinewidth=\dimen272
)
(/usr/share/texlive/texmf-dist/tex/generic/pgf/frontendlayer/tikz/libraries/tik
zlibrarycalc.code.tex
File: tikzlibrarycalc.code.tex 2013/07/15 v3.0.1a (rcs-revision 1.9)
)
(/usr/share/texlive/texmf-dist/tex/generic/pgf/frontendlayer/tikz/libraries/tik
zlibrarydecorations.code.tex
(/usr/share/texlive/texmf-dist/tex/generic/pgf/modules/pgfmoduledecorations.cod
e.tex
\pgfdecoratedcompleteddistance=\dimen273
\pgfdecoratedremainingdistance=\dimen274
\pgfdecoratedinputsegmentcompleteddistance=\dimen275
\pgfdecoratedinputsegmentremainingdistance=\dimen276
\pgf@decorate@distancetomove=\dimen277
\pgf@decorate@repeatstate=\count165
\pgfdecorationsegmentamplitude=\dimen278
\pgfdecorationsegmentlength=\dimen279
)
\tikz@lib@dec@box=\box60
)
(/usr/share/texlive/texmf-dist/tex/generic/pgf/frontendlayer/tikz/libraries/tik
zlibrarydecorations.markings.code.tex
(/usr/share/texlive/texmf-dist/tex/generic/pgf/libraries/decorations/pgflibrary
decorations.markings.code.tex))
(/usr/share/texlive/texmf-dist/tex/generic/pgf/frontendlayer/tikz/libraries/tik
zlibrarydecorations.pathmorphing.code.tex
(/usr/share/texlive/texmf-dist/tex/generic/pgf/libraries/decorations/pgflibrary
decorations.pathmorphing.code.tex))
(/usr/share/texlive/texmf-dist/tex/generic/pgf/frontendlayer/tikz/libraries/tik
zlibrarydecorations.pathreplacing.code.tex
(/usr/share/texlive/texmf-dist/tex/generic/pgf/libraries/decorations/pgflibrary
decorations.pathreplacing.code.tex))
(/usr/share/texlive/texmf-dist/tex/generic/pgf/frontendlayer/tikz/libraries/gra
phs/tikzlibrarygraphs.code.tex
File: tikzlibrarygraphs.code.tex 2015/06/05 v3.0.1a (rcs-revision 1.44)
\tikz@lib@auto@number=\count166
\tikz@qnode@count=\count167
)
(/usr/share/texlive/texmf-dist/tex/generic/pgf/frontendlayer/tikz/libraries/tik
zlibrarypatterns.code.tex
File: tikzlibrarypatterns.code.tex 2008/01/15 v3.0.1a (rcs-revision 1.2)

(/usr/share/texlive/texmf-dist/tex/generic/pgf/libraries/pgflibrarypatterns.cod
e.tex
File: pgflibrarypatterns.code.tex 2008/03/03 v3.0.1a (rcs-revision 1.13)
))
(/usr/share/texlive/texmf-dist/tex/generic/pgf/frontendlayer/tikz/libraries/tik
zlibrarypositioning.code.tex
File: tikzlibrarypositioning.code.tex 2008/10/06 v3.0.1a (rcs-revision 1.7)
)
(/usr/share/texlive/texmf-dist/tex/generic/pgf/frontendlayer/tikz/libraries/tik
zlibraryshapes.geometric.code.tex
File: tikzlibraryshapes.geometric.code.tex 2008/01/09 v3.0.1a (rcs-revision 1.1)


(/usr/share/texlive/texmf-dist/tex/generic/pgf/libraries/shapes/pgflibraryshape
s.geometric.code.tex
File: pgflibraryshapes.geometric.code.tex 2008/06/26 v3.0.1a (rcs-revision 1.1)
))
(/usr/share/texlive/texmf-dist/tex/generic/pgf/graphdrawing/tex/tikzlibrarygrap
hdrawing.code.tex
File: tikzlibrarygraphdrawing.code.tex 2013/08/05 v3.0.1a (rcs-revision 1.20)

(/usr/share/texlive/texmf-dist/tex/generic/pgf/graphdrawing/tex/pgflibrarygraph
drawing.code.tex
File: pgflibrarygraphdrawing.code.tex 2015/06/08 v3.0.1a (rcs-revision 1.39)
\pgf@gd@parameter@stack@height=\count168
\pgf@gd@node@box=\box61
\pgf@gd@edge@box=\box62
\pgf@gd@prekind@box=\box63
\pgf@gd@postkind@box=\box64
))
(/usr/share/texlive/texmf-dist/tex/latex/tikz-feynman/tikzfeynman.keys.code.tex
))) (/usr/share/texlive/texmf-dist/tex/latex/siunitx/siunitx.sty
(/usr/share/texlive/texmf-dist/tex/latex/l3kernel/expl3.sty
Package: expl3 2016/01/19 v6377 L3 programming layer (loader) 

(/usr/share/texlive/texmf-dist/tex/latex/l3kernel/expl3-code.tex
Package: expl3 2016/01/19 v6377 L3 programming layer (code)
L3 Module: l3bootstrap 2016/01/01 v6339 L3 Bootstrap code
\ucharcat@table=\catcodetable5
L3 Module: l3names 2015/12/21 v6328 L3 Namespace for primitives
L3 Module: l3basics 2015/11/22 v6315 L3 Basic definitions
L3 Module: l3expan 2015/09/10 v5983 L3 Argument expansion
L3 Module: l3tl 2015/09/29 v6121 L3 Token lists
L3 Module: l3str 2016/01/03 v6357 L3 Strings
L3 Module: l3seq 2015/08/05 v5777 L3 Sequences and stacks
L3 Module: l3int 2016/01/05 v6366 L3 Integers
\c_max_int=\count169
\l_tmpa_int=\count170
\l_tmpb_int=\count171
\g_tmpa_int=\count172
\g_tmpb_int=\count173
L3 Module: l3quark 2015/08/17 v5855 L3 Quarks
L3 Module: l3prg 2015/11/01 v6216 L3 Control structures
\g__prg_map_int=\count174
L3 Module: l3clist 2015/09/02 v5901 L3 Comma separated lists
L3 Module: l3token 2015/11/11 v6249 L3 Experimental token manipulation
L3 Module: l3prop 2016/01/05 v6366 L3 Property lists
L3 Module: l3msg 2015/09/28 v6113 L3 Messages
L3 Module: l3file 2015/12/03 v6317 L3 File and I/O operations
\l_iow_line_count_int=\count175
\l__iow_target_count_int=\count176
\l__iow_current_line_int=\count177
\l__iow_current_word_int=\count178
\l__iow_current_indentation_int=\count179
L3 Module: l3skip 2016/01/05 v6366 L3 Dimensions and skips
\c_zero_dim=\dimen280
\c_max_dim=\dimen281
\l_tmpa_dim=\dimen282
\l_tmpb_dim=\dimen283
\g_tmpa_dim=\dimen284
\g_tmpb_dim=\dimen285
\c_zero_skip=\skip60
\c_max_skip=\skip61
\l_tmpa_skip=\skip62
\l_tmpb_skip=\skip63
\g_tmpa_skip=\skip64
\g_tmpb_skip=\skip65
\c_zero_muskip=\muskip12
\c_max_muskip=\muskip13
\l_tmpa_muskip=\muskip14
\l_tmpb_muskip=\muskip15
\g_tmpa_muskip=\muskip16
\g_tmpb_muskip=\muskip17
L3 Module: l3keys 2015/11/17 v6284 L3 Key-value interfaces
\g__keyval_level_int=\count180
\l_keys_choice_int=\count181
L3 Module: l3fp 2015/08/25 v5890 L3 Floating points
\c__fp_leading_shift_int=\count182
\c__fp_middle_shift_int=\count183
\c__fp_trailing_shift_int=\count184
\c__fp_big_leading_shift_int=\count185
\c__fp_big_middle_shift_int=\count186
\c__fp_big_trailing_shift_int=\count187
\c__fp_Bigg_leading_shift_int=\count188
\c__fp_Bigg_middle_shift_int=\count189
\c__fp_Bigg_trailing_shift_int=\count190
L3 Module: l3box 2015/08/09 v5822 L3 Experimental boxes
\c_empty_box=\box65
\l_tmpa_box=\box66
\l_tmpb_box=\box67
\g_tmpa_box=\box68
\g_tmpb_box=\box69
L3 Module: l3coffins 2015/08/06 v5789 L3 Coffin code layer
\l__coffin_internal_box=\box70
\l__coffin_internal_dim=\dimen286
\l__coffin_offset_x_dim=\dimen287
\l__coffin_offset_y_dim=\dimen288
\l__coffin_x_dim=\dimen289
\l__coffin_y_dim=\dimen290
\l__coffin_x_prime_dim=\dimen291
\l__coffin_y_prime_dim=\dimen292
\c_empty_coffin=\box71
\l__coffin_aligned_coffin=\box72
\l__coffin_aligned_internal_coffin=\box73
\l_tmpa_coffin=\box74
\l_tmpb_coffin=\box75
\l__coffin_display_coffin=\box76
\l__coffin_display_coord_coffin=\box77
\l__coffin_display_pole_coffin=\box78
\l__coffin_display_offset_dim=\dimen293
\l__coffin_display_x_dim=\dimen294
\l__coffin_display_y_dim=\dimen295
L3 Module: l3color 2014/08/23 v5354 L3 Experimental color support
L3 Module: l3sys 2015/09/25 v6087 L3 Experimental system/runtime functions
L3 Module: l3candidates 2016/01/14 v6376 L3 Experimental additions to l3kernel
\l__box_top_dim=\dimen296
\l__box_bottom_dim=\dimen297
\l__box_left_dim=\dimen298
\l__box_right_dim=\dimen299
\l__box_top_new_dim=\dimen300
\l__box_bottom_new_dim=\dimen301
\l__box_left_new_dim=\dimen302
\l__box_right_new_dim=\dimen303
\l__box_internal_box=\box79
\l__coffin_bounding_shift_dim=\dimen304
\l__coffin_left_corner_dim=\dimen305
\l__coffin_right_corner_dim=\dimen306
\l__coffin_bottom_corner_dim=\dimen307
\l__coffin_top_corner_dim=\dimen308
\l__coffin_scaled_total_height_dim=\dimen309
\l__coffin_scaled_width_dim=\dimen310
L3 Module: l3luatex 2015/11/11 v6250 L3 Experimental LuaTeX-specific functions
)
(/usr/share/texlive/texmf-dist/tex/latex/l3kernel/l3pdfmode.def
File: l3pdfmode.def 2015/11/11 v6250 L3 Experimental driver: PDF mode
\l__driver_color_stack_int=\count191
))
(/usr/share/texlive/texmf-dist/tex/latex/l3packages/xparse/xparse.sty
Package: xparse 2016/01/19 v6377 L3 Experimental document command parser
\l__xparse_current_arg_int=\count192
\l__xparse_m_args_int=\count193
\l__xparse_mandatory_args_int=\count194
\l__xparse_processor_int=\count195
\l__xparse_v_nesting_int=\count196
)
Package: siunitx 2016/03/01 v2.6q A comprehensive (SI) units package

(/usr/share/texlive/texmf-dist/tex/latex/l3packages/l3keys2e/l3keys2e.sty
Package: l3keys2e 2016/01/19 v6377 LaTeX2e option processing using LaTeX3 keys
)
\l__siunitx_tmp_box=\box80
\l__siunitx_tmp_dim=\dimen311
\l__siunitx_tmp_int=\count197
\l__siunitx_number_mantissa_length_int=\count198
\l__siunitx_number_uncert_length_int=\count199
\l__siunitx_round_int=\count266
\l__siunitx_process_decimal_int=\count267
\l__siunitx_process_uncertainty_int=\count268
\l__siunitx_process_fixed_int=\count269
\l__siunitx_process_integer_min_int=\count270
\l__siunitx_process_precision_int=\count271
\l__siunitx_group_min_int=\count272
\l__siunitx_angle_marker_box=\box81
\l__siunitx_angle_unit_box=\box82
\l__siunitx_angle_marker_dim=\dimen312
\l__siunitx_angle_unit_dim=\dimen313
\l__siunitx_unit_int=\count273
\l__siunitx_unit_denominator_int=\count274
\l__siunitx_unit_numerator_int=\count275
\l__siunitx_unit_prefix_int=\count276
\l__siunitx_unit_prefix_base_int=\count277
\l__siunitx_unit_prefix_gram_int=\count278
\l__siunitx_number_product_int=\count279
\c__siunitx_one_fill_skip=\skip66
\l__siunitx_table_unit_align_skip=\skip67
\l__siunitx_table_exponent_dim=\dimen314
\l__siunitx_table_integer_dim=\dimen315
\l__siunitx_table_mantissa_dim=\dimen316
\l__siunitx_table_marker_dim=\dimen317
\l__siunitx_table_result_dim=\dimen318
\l__siunitx_table_uncert_dim=\dimen319
\l__siunitx_table_fill_pre_dim=\dimen320
\l__siunitx_table_fill_post_dim=\dimen321
\l__siunitx_table_fill_mid_dim=\dimen322
\l__siunitx_table_pre_box=\box83
\l__siunitx_table_post_box=\box84
\l__siunitx_table_mantissa_box=\box85
\l__siunitx_table_result_box=\box86
\l__siunitx_table_number_align_skip=\skip68
\l__siunitx_table_text_align_skip=\skip69
.................................................
. LaTeX info: "xparse/define-command"
. 
. Defining command \DeclareBinaryPrefix with sig. 'mmm' on line 7218.
.................................................
.................................................
. LaTeX info: "xparse/define-command"
. 
. Defining command \DeclareSIPostPower with sig. 'mm' on line 7221.
.................................................
.................................................
. LaTeX info: "xparse/define-command"
. 
. Defining command \DeclareSIPrefix with sig. 'mmm' on line 7224.
.................................................
.................................................
. LaTeX info: "xparse/define-command"
. 
. Defining command \DeclareSIPrePower with sig. 'mm' on line 7227.
.................................................
.................................................
. LaTeX info: "xparse/define-command"
. 
. Defining command \DeclareSIQualifier with sig. 'mm' on line 7230.
.................................................
.................................................
. LaTeX info: "xparse/define-command"
. 
. Defining command \DeclareSIUnit with sig. 'O{}mm' on line 7233.
.................................................
.................................................
. LaTeX info: "xparse/define-command"
. 
. Defining command \DeclareSIUnitWithOptions with sig. 'mmm' on line 7236.
.................................................
.................................................
. LaTeX info: "xparse/define-command"
. 
. Defining command \ang with sig. 'o>{\SplitArgument {2}{;}}m' on line 7251.
.................................................
.................................................
. LaTeX info: "xparse/define-command"
. 
. Defining command \num with sig. 'om' on line 7260.
.................................................
.................................................
. LaTeX info: "xparse/define-command"
. 
. Defining command \numlist with sig. 'o>{\SplitList {;}}m' on line 7269.
.................................................
.................................................
. LaTeX info: "xparse/define-command"
. 
. Defining command \numrange with sig. 'omm' on line 7278.
.................................................
.................................................
. LaTeX info: "xparse/define-command"
. 
. Defining command \SIlist with sig. 'o>{\SplitList {;}}mm' on line 7290.
.................................................
.................................................
. LaTeX info: "xparse/define-command"
. 
. Defining command \SIrange with sig. 'ommm' on line 7302.
.................................................
.................................................
. LaTeX info: "xparse/define-command"
. 
. Defining command \SI with sig. 'omom' on line 7314.
.................................................
.................................................
. LaTeX info: "xparse/define-command"
. 
. Defining command \sisetup with sig. 'm' on line 7317.
.................................................
.................................................
. LaTeX info: "xparse/define-command"
. 
. Defining command \tablenum with sig. 'om' on line 7332.
.................................................
.................................................
. LaTeX info: "xparse/define-command"
. 
. Defining command \si with sig. 'om' on line 7344.
.................................................
.................................................
. LaTeX info: "xparse/define-command"
. 
. Defining command \__siunitx_bookmark_num:w with sig. 'om' on line 7391.
.................................................
.................................................
. LaTeX info: "xparse/define-command"
. 
. Defining command \__siunitx_bookmark_numrange:w with sig. 'omm' on line
. 7393.
.................................................
.................................................
. LaTeX info: "xparse/define-command"
. 
. Defining command \__siunitx_bookmark_SI:w with sig. 'omom' on line 7395.
.................................................
.................................................
. LaTeX info: "xparse/define-command"
. 
. Defining command \__siunitx_bookmark_SIlist:w with sig. 'omm' on line 7397.
.................................................
.................................................
. LaTeX info: "xparse/define-command"
. 
. Defining command \__siunitx_bookmark_SIrange:w with sig. 'ommm' on line
. 7399.
.................................................
.................................................
. LaTeX info: "xparse/define-command"
. 
. Defining command \__siunitx_bookmark_si:w with sig. 'om' on line 7400.
.................................................
\g__file_internal_ior=\read2
)

Package hyperref Warning: Token not allowed in a PDF string (PDFDocEncoding):
(hyperref)                removing `math shift' on input line 26.


Package hyperref Warning: Token not allowed in a PDF string (PDFDocEncoding):
(hyperref)                removing `\rightarrow' on input line 26.


Package hyperref Warning: Token not allowed in a PDF string (PDFDocEncoding):
(hyperref)                removing `\nu' on input line 26.


Package hyperref Warning: Token not allowed in a PDF string (PDFDocEncoding):
(hyperref)                removing `math shift' on input line 26.

(./wwqqlnuAnalysis_anguiano.aux)
\openout1 = wwqqlnuAnalysis_anguiano.aux

LaTeX Font Info:    Checking defaults for OML/cmm/m/it on input line 26.
LaTeX Font Info:    ... okay on input line 26.
LaTeX Font Info:    Checking defaults for T1/cmr/m/n on input line 26.
LaTeX Font Info:    ... okay on input line 26.
LaTeX Font Info:    Checking defaults for OT1/cmr/m/n on input line 26.
LaTeX Font Info:    ... okay on input line 26.
LaTeX Font Info:    Checking defaults for OMS/cmsy/m/n on input line 26.
LaTeX Font Info:    ... okay on input line 26.
LaTeX Font Info:    Checking defaults for OMX/cmex/m/n on input line 26.
LaTeX Font Info:    ... okay on input line 26.
LaTeX Font Info:    Checking defaults for U/cmr/m/n on input line 26.
LaTeX Font Info:    ... okay on input line 26.
LaTeX Font Info:    Checking defaults for PD1/pdf/m/n on input line 26.
LaTeX Font Info:    ... okay on input line 26.

*geometry* driver: auto-detecting
*geometry* detected driver: pdftex
*geometry* verbose mode - [ preamble ] result:
* driver: pdftex
* paper: custom
* layout: <same size as paper>
* layoutoffset:(h,v)=(0.0pt,0.0pt)
* modes: includehead includefoot 
* h-part:(L,W,R)=(28.45274pt, 307.28987pt, 28.45274pt)
* v-part:(T,H,B)=(0.0pt, 273.14662pt, 0.0pt)
* \paperwidth=364.19536pt
* \paperheight=273.14662pt
* \textwidth=307.28987pt
* \textheight=244.6939pt
* \oddsidemargin=-43.81725pt
* \evensidemargin=-43.81725pt
* \topmargin=-72.26999pt
* \headheight=14.22636pt
* \headsep=0.0pt
* \topskip=10.0pt
* \footskip=14.22636pt
* \marginparwidth=3.0pt
* \marginparsep=11.0pt
* \columnsep=10.0pt
* \skip\footins=9.0pt plus 4.0pt minus 2.0pt
* \hoffset=0.0pt
* \voffset=0.0pt
* \mag=1000
* \@twocolumnfalse
* \@twosidefalse
* \@mparswitchfalse
* \@reversemarginfalse
* (1in=72.27pt=25.4mm, 1cm=28.453pt)

(/usr/share/texlive/texmf-dist/tex/context/base/supp-pdf.mkii
[Loading MPS to PDF converter (version 2006.09.02).]
\scratchcounter=\count280
\scratchdimen=\dimen323
\scratchbox=\box87
\nofMPsegments=\count281
\nofMParguments=\count282
\everyMPshowfont=\toks54
\MPscratchCnt=\count283
\MPscratchDim=\dimen324
\MPnumerator=\count284
\makeMPintoPDFobject=\count285
\everyMPtoPDFconversion=\toks55
) (/usr/share/texlive/texmf-dist/tex/latex/oberdiek/epstopdf-base.sty
Package: epstopdf-base 2010/02/09 v2.5 Base part for package epstopdf

(/usr/share/texlive/texmf-dist/tex/latex/oberdiek/grfext.sty
Package: grfext 2010/08/19 v1.1 Manage graphics extensions (HO)
)
Package grfext Info: Graphics extension search list:
(grfext)             [.png,.pdf,.jpg,.mps,.tif,.jpeg,.PNG,.PDF,.JPG,.JPEG,.eps]
(grfext)             \AppendGraphicsExtensions on input line 452.

(/usr/share/texlive/texmf-dist/tex/latex/latexconfig/epstopdf-sys.cfg
File: epstopdf-sys.cfg 2010/07/13 v1.3 Configuration of (r)epstopdf for TeX Live

))
ABD: EveryShipout initializing macros
\AtBeginShipoutBox=\box88
Package hyperref Info: Link coloring OFF on input line 26.

(/usr/share/texlive/texmf-dist/tex/latex/hyperref/nameref.sty
Package: nameref 2012/10/27 v2.43 Cross-referencing by name of section

(/usr/share/texlive/texmf-dist/tex/generic/oberdiek/gettitlestring.sty
Package: gettitlestring 2010/12/03 v1.4 Cleanup title references (HO)
)
\c@section@level=\count286
)
LaTeX Info: Redefining \ref on input line 26.
LaTeX Info: Redefining \pageref on input line 26.
LaTeX Info: Redefining \nameref on input line 26.

(./wwqqlnuAnalysis_anguiano.out) (./wwqqlnuAnalysis_anguiano.out)
\@outlinefile=\write5

\openout5 = wwqqlnuAnalysis_anguiano.out
LaTeX Font Info:    Overwriting symbol font `operators' in version `normal'
(Font)                  OT1/cmr/m/n --> OT1/cmss/m/n on input line 26.
LaTeX Font Info:    Overwriting symbol font `operators' in version `bold'
(Font)                  OT1/cmr/bx/n --> OT1/cmss/bx/n on input line 26.
\symnumbers=\mathgroup6
\sympureletters=\mathgroup7
LaTeX Font Info:    Overwriting math alphabet `\mathrm' in version `normal'
(Font)                  OT1/cmss/m/n --> OT1/cmr/m/n on input line 26.
LaTeX Font Info:    Redeclaring math alphabet \mathbf on input line 26.
LaTeX Font Info:    Overwriting math alphabet `\mathbf' in version `normal'
(Font)                  OT1/cmr/bx/n --> OT1/cmss/bx/n on input line 26.
LaTeX Font Info:    Overwriting math alphabet `\mathbf' in version `bold'
(Font)                  OT1/cmr/bx/n --> OT1/cmss/bx/n on input line 26.
LaTeX Font Info:    Redeclaring math alphabet \mathsf on input line 26.
LaTeX Font Info:    Overwriting math alphabet `\mathsf' in version `normal'
(Font)                  OT1/cmss/m/n --> OT1/cmss/m/n on input line 26.
LaTeX Font Info:    Overwriting math alphabet `\mathsf' in version `bold'
(Font)                  OT1/cmss/bx/n --> OT1/cmss/m/n on input line 26.
LaTeX Font Info:    Redeclaring math alphabet \mathit on input line 26.
LaTeX Font Info:    Overwriting math alphabet `\mathit' in version `normal'
(Font)                  OT1/cmr/m/it --> OT1/cmss/m/it on input line 26.
LaTeX Font Info:    Overwriting math alphabet `\mathit' in version `bold'
(Font)                  OT1/cmr/bx/it --> OT1/cmss/m/it on input line 26.
LaTeX Font Info:    Redeclaring math alphabet \mathtt on input line 26.
LaTeX Font Info:    Overwriting math alphabet `\mathtt' in version `normal'
(Font)                  OT1/cmtt/m/n --> OT1/cmtt/m/n on input line 26.
LaTeX Font Info:    Overwriting math alphabet `\mathtt' in version `bold'
(Font)                  OT1/cmtt/m/n --> OT1/cmtt/m/n on input line 26.
LaTeX Font Info:    Overwriting symbol font `numbers' in version `bold'
(Font)                  OT1/cmss/m/n --> OT1/cmss/bx/n on input line 26.
LaTeX Font Info:    Overwriting symbol font `pureletters' in version `bold'
(Font)                  OT1/cmss/m/it --> OT1/cmss/bx/it on input line 26.
LaTeX Font Info:    Overwriting math alphabet `\mathrm' in version `bold'
(Font)                  OT1/cmss/bx/n --> OT1/cmr/bx/n on input line 26.
LaTeX Font Info:    Overwriting math alphabet `\mathbf' in version `bold'
(Font)                  OT1/cmss/bx/n --> OT1/cmss/bx/n on input line 26.
LaTeX Font Info:    Overwriting math alphabet `\mathsf' in version `bold'
(Font)                  OT1/cmss/m/n --> OT1/cmss/bx/n on input line 26.
LaTeX Font Info:    Overwriting math alphabet `\mathit' in version `bold'
(Font)                  OT1/cmss/m/it --> OT1/cmss/bx/it on input line 26.
LaTeX Font Info:    Overwriting math alphabet `\mathtt' in version `bold'
(Font)                  OT1/cmtt/m/n --> OT1/cmtt/bx/n on input line 26.
LaTeX Font Info:    Redeclaring symbol font `pureletters' on input line 26.
LaTeX Font Info:    Overwriting symbol font `pureletters' in version `normal'
(Font)                  OT1/cmss/m/it --> OT1/mathkerncmss/m/sl on input line 26
.
LaTeX Font Info:    Overwriting symbol font `pureletters' in version `bold'
(Font)                  OT1/cmss/bx/it --> OT1/mathkerncmss/m/sl on input line 2
6.
LaTeX Font Info:    Overwriting symbol font `pureletters' in version `bold'
(Font)                  OT1/mathkerncmss/m/sl --> OT1/mathkerncmss/bx/sl on inpu
t line 26.

(/usr/share/texlive/texmf-dist/tex/latex/beamer/translator/dicts/translator-bas
ic-dictionary/translator-basic-dictionary-English.dict
Dictionary: translator-basic-dictionary, Language: English 
)
(/usr/share/texlive/texmf-dist/tex/latex/beamer/translator/dicts/translator-bib
liography-dictionary/translator-bibliography-dictionary-English.dict
Dictionary: translator-bibliography-dictionary, Language: English 
)
(/usr/share/texlive/texmf-dist/tex/latex/beamer/translator/dicts/translator-env
ironment-dictionary/translator-environment-dictionary-English.dict
Dictionary: translator-environment-dictionary, Language: English 
)
(/usr/share/texlive/texmf-dist/tex/latex/beamer/translator/dicts/translator-mon
ths-dictionary/translator-months-dictionary-English.dict
Dictionary: translator-months-dictionary, Language: English 
)
(/usr/share/texlive/texmf-dist/tex/latex/beamer/translator/dicts/translator-num
bers-dictionary/translator-numbers-dictionary-English.dict
Dictionary: translator-numbers-dictionary, Language: English 
)
(/usr/share/texlive/texmf-dist/tex/latex/beamer/translator/dicts/translator-the
orem-dictionary/translator-theorem-dictionary-English.dict
Dictionary: translator-theorem-dictionary, Language: English 
)
LaTeX Info: Redefining \includegraphics on input line 26.


Package tikz-feynman Warning: The preamble requested version 1.0.0, but the syst
em version is 1.1.0. This may change some diagrams. on input line 26.

(/usr/share/texlive/texmf-dist/tex/latex/siunitx/siunitx-abbreviations.cfg
File: siunitx-abbreviations.cfg 2016/03/01 v2.6q siunitx: Abbreviated units
)
(./wwqqlnuAnalysis_anguiano.nav)
\c__siunitx_mathsf_int=\count287
LaTeX Font Info:    Try loading font information for U+msa on input line 26.

(/usr/share/texlive/texmf-dist/tex/latex/amsfonts/umsa.fd
File: umsa.fd 2013/01/14 v3.01 AMS symbols A
)
LaTeX Font Info:    Try loading font information for U+msb on input line 26.

(/usr/share/texlive/texmf-dist/tex/latex/amsfonts/umsb.fd
File: umsb.fd 2013/01/14 v3.01 AMS symbols B
)
LaTeX Font Info:    Try loading font information for OT1+mathkerncmss on input l
ine 26.

(/usr/share/texlive/texmf-dist/tex/latex/sansmathaccent/ot1mathkerncmss.fd
File: ot1mathkerncmss.fd 2013/03/27 Fontinst v1.933 font definitions for OT1/mat
hkerncmss.
)
\c__siunitx_mathtt_int=\count288


LaTeX Font Warning: Font shape `OT1/cmss/m/n' in size <4> not available
(Font)              size <5> substituted on input line 27.

[1

{/var/lib/texmf/fonts/map/pdftex/updmap/pdftex.map}]
(./wwqqlnuAnalysis_anguiano.toc) [2

]
<ilcconcept.jpg, id=30, 1032.0156pt x 459.6372pt>
File: ilcconcept.jpg Graphic file (type jpg)
 <use ilcconcept.jpg>
Package pdftex.def Info: ilcconcept.jpg used on input line 52.
(pdftex.def)             Requested size: 258.00327pt x 114.90901pt.

<ILC-Candidate-Area2.jpg, id=31, 481.8pt x 369.7815pt>
File: ILC-Candidate-Area2.jpg Graphic file (type jpg)

<use ILC-Candidate-Area2.jpg>
Package pdftex.def Info: ILC-Candidate-Area2.jpg used on input line 52.
(pdftex.def)             Requested size: 144.5411pt x 110.93529pt.

Overfull \vbox (18.64212pt too high) detected at line 52
 []

[3

<./ilcconcept.jpg><./ILC-Candidate-Area2.jpg>]
<ilctrends.pdf, id=39, 1159.33125pt x 403.5075pt>
File: ilctrends.pdf Graphic file (type pdf)
 <use ilctrends.pdf>
Package pdftex.def Info: ilctrends.pdf used on input line 71.
(pdftex.def)             Requested size: 289.8321pt x 100.87662pt.

<futureaccel.png, id=40, 4488.77pt x 2594.69376pt>
File: futureaccel.png Graphic file (type png)
 <use futureaccel.png>
Package pdftex.def Info: futureaccel.png used on input line 71.
(pdftex.def)             Requested size: 134.65729pt x 77.83745pt.

[4

<./ilctrends.pdf><./futureaccel.png>]
<timeline1.png, id=54, 1159.33125pt x 403.5075pt>
File: timeline1.png Graphic file (type png)
 <use timeline1.png>
Package pdftex.def Info: timeline1.png used on input line 83.
(pdftex.def)             Requested size: 289.8321pt x 100.87662pt.
 [5

Missing character: There is no  (U+2013) in font cmss8!
<./timeline1.png>] <timeline2.png, id=61, 1159.33125pt x 403.5075pt>
File: timeline2.png Graphic file (type png)

<use timeline2.png>
Package pdftex.def Info: timeline2.png used on input line 104.
(pdftex.def)             Requested size: 289.8321pt x 100.87662pt.
 <lcnews.png, id=62, 666.49pt x 174.6525pt>
File: lcnews.png Graphic file (type png)

<use lcnews.png>
Package pdftex.def Info: lcnews.png used on input line 104.
(pdftex.def)             Requested size: 133.29564pt x 34.92987pt.
 [6

<./timeline2.png><./lcnews.png>]
<timeline3.png, id=69, 1159.33125pt x 403.5075pt>
File: timeline3.png Graphic file (type png)
 <use timeline3.png>
Package pdftex.def Info: timeline3.png used on input line 113.
(pdftex.def)             Requested size: 289.8321pt x 100.87662pt.
 [7

Missing character: There is no  (U+2014) in font cmss10!
<./timeline3.png>] <timeline4.png, id=76, 1159.33125pt x 403.5075pt>
File: timeline4.png Graphic file (type png)

<use timeline4.png>
Package pdftex.def Info: timeline4.png used on input line 131.
(pdftex.def)             Requested size: 289.8321pt x 100.87662pt.
 <japanese_sites.jpg, id=77, 846.16125pt x 424.58624pt>
File: japanese_sites.jpg Graphic file (type jpg)

<use japanese_sites.jpg>
Package pdftex.def Info: japanese_sites.jpg used on input line 131.
(pdftex.def)             Requested size: 169.22925pt x 84.91574pt.

Overfull \hbox (15.58432pt too wide) in paragraph at lines 131--131
[][][]  
 []


Overfull \vbox (1.03462pt too high) detected at line 131
 []

[8

<./timeline4.png><./japanese_sites.jpg>]
<timeline5.png, id=84, 1159.33125pt x 403.5075pt>
File: timeline5.png Graphic file (type png)
 <use timeline5.png>
Package pdftex.def Info: timeline5.png used on input line 141.
(pdftex.def)             Requested size: 289.8321pt x 100.87662pt.
 [9

<./timeline5.png>] <ild3d.pdf, id=91, 1176.395pt x 824.07875pt>
File: ild3d.pdf Graphic file (type pdf)
 <use ild3d.pdf>
Package pdftex.def Info: ild3d.pdf used on input line 158.
(pdftex.def)             Requested size: 164.69417pt x 115.37024pt.

Overfull \hbox (11.04924pt too wide) in paragraph at lines 158--158
[][][]  
 []

<ildxsec.pdf, id=92, 847.165pt x 774.895pt>
File: ildxsec.pdf Graphic file (type pdf)
 <use ildxsec.pdf>
Package pdftex.def Info: ildxsec.pdf used on input line 158.
(pdftex.def)             Requested size: 169.43pt x 154.97626pt.

Overfull \hbox (15.78506pt too wide) in paragraph at lines 158--158
[][][]  
 []

[10

<./ild3d.pdf><./ildxsec.pdf>] [11

] [12

] [13

] [14

]
<cone.pdf, id=142, 170.05733pt x 157.95512pt>
File: cone.pdf Graphic file (type pdf)
 <use cone.pdf>
Package pdftex.def Info: cone.pdf used on input line 351.
(pdftex.def)             Requested size: 119.0393pt x 110.56781pt.
 [15

<./cone.pdf>]
File: cone.pdf Graphic file (type pdf)

<use cone.pdf>
Package pdftex.def Info: cone.pdf used on input line 398.
(pdftex.def)             Requested size: 102.03517pt x 94.77379pt.

Overfull \vbox (6.23825pt too high) detected at line 398
 []

[16

]
Underfull \hbox (badness 10000) in paragraph at lines 442--442
[][]|\OT1/cmss/m/n/5 Search-Cone
 []


Overfull \hbox (20.68103pt too wide) in paragraph at lines 442--442
[][][] 
 []

[17

] <nocutDiff.pdf, id=171, 569.12625pt x 426.59375pt>
File: nocutDiff.pdf Graphic file (type pdf)
 <use nocutDiff.pdf>
Package pdftex.def Info: nocutDiff.pdf used on input line 479.
(pdftex.def)             Requested size: 170.73918pt x 127.97911pt.

Overfull \hbox (17.09425pt too wide) in paragraph at lines 479--479
[][][]  
 []

[18

<./nocutDiff.pdf>]
File: nocutDiff.pdf Graphic file (type pdf)
 <use nocutDiff.pdf>
Package pdftex.def Info: nocutDiff.pdf used on input line 504.
(pdftex.def)             Requested size: 170.73918pt x 127.97911pt.

Overfull \hbox (17.09425pt too wide) in paragraph at lines 504--504
[][][]  
 []

[19

] <SupDiff.pdf, id=229, 569.12625pt x 309.155pt>
File: SupDiff.pdf Graphic file (type pdf)
 <use SupDiff.pdf>
Package pdftex.def Info: SupDiff.pdf used on input line 537.
(pdftex.def)             Requested size: 170.73918pt x 92.74721pt.

<SupMass.pdf, id=230, 569.12625pt x 332.24126pt>
File: SupMass.pdf Graphic file (type pdf)
 <use SupMass.pdf>
Package pdftex.def Info: SupMass.pdf used on input line 537.
(pdftex.def)             Requested size: 170.73918pt x 99.67314pt.
 [20

<./SupDiff.pdf><./SupMass.pdf>] [21

] [22

]
<PtvisHist.pdf, id=342, 569.12625pt x 385.44pt>
File: PtvisHist.pdf Graphic file (type pdf)
 <use PtvisHist.pdf>
Package pdftex.def Info: PtvisHist.pdf used on input line 598.
(pdftex.def)             Requested size: 170.73918pt x 115.63289pt.

<ntracksHist.pdf, id=343, 569.12625pt x 385.44pt>
File: ntracksHist.pdf Graphic file (type pdf)
 <use ntracksHist.pdf>
Package pdftex.def Info: ntracksHist.pdf used on input line 598.
(pdftex.def)             Requested size: 170.73918pt x 115.63289pt.

[23

<./PtvisHist.pdf><./ntracksHist.pdf>]
<mwhadHist.pdf, id=442, 569.12625pt x 385.44pt>
File: mwhadHist.pdf Graphic file (type pdf)
 <use mwhadHist.pdf>
Package pdftex.def Info: mwhadHist.pdf used on input line 621.
(pdftex.def)             Requested size: 170.73918pt x 115.63289pt.

<mwhadCutsHist.pdf, id=443, 569.12625pt x 385.44pt>
File: mwhadCutsHist.pdf Graphic file (type pdf)
 <use mwhadCutsHist.pdf>
Package pdftex.def Info: mwhadCutsHist.pdf used on input line 621.
(pdftex.def)             Requested size: 170.73918pt x 115.63289pt.

[24

<./mwhadHist.pdf><./mwhadCutsHist.pdf>]
Overfull \hbox (2.83397pt too wide) in paragraph at lines 695--695
[][]|[]| 
 []


Overfull \hbox (2.83397pt too wide) in paragraph at lines 695--695
[][]|[]| 
 []


Overfull \hbox (2.83397pt too wide) in paragraph at lines 695--695
[][]|[]| 
 []


Overfull \hbox (2.83397pt too wide) in paragraph at lines 695--695
[][]|[]| 
 []


Overfull \hbox (2.83397pt too wide) in paragraph at lines 695--695
[][]|[]| 
 []


Overfull \hbox (2.83397pt too wide) in paragraph at lines 695--695
[][]|[]| 
 []


Overfull \hbox (2.83397pt too wide) in paragraph at lines 695--695
[][]|[]| 
 []


Overfull \hbox (2.83397pt too wide) in paragraph at lines 695--695
[][]|[]| 
 []


Overfull \hbox (2.83397pt too wide) in paragraph at lines 695--695
[][]|[]| 
 []


Overfull \hbox (2.83397pt too wide) in paragraph at lines 695--695
[][]|[]| 
 []


Overfull \hbox (2.83397pt too wide) in paragraph at lines 695--695
[][]|[]| 
 []


Overfull \hbox (2.83397pt too wide) in paragraph at lines 695--695
[][]|[]| 
 []


Overfull \hbox (2.83397pt too wide) in paragraph at lines 695--695
[][]|[]| 
 []


Overfull \hbox (2.83397pt too wide) in paragraph at lines 695--695
[][]|[]| 
 []


Overfull \hbox (2.83397pt too wide) in paragraph at lines 695--695
[][]|[]| 
 []


Overfull \hbox (2.83397pt too wide) in paragraph at lines 695--695
[][]|[]| 
 []


Overfull \hbox (2.83397pt too wide) in paragraph at lines 695--695
[][]|[]| 
 []


Overfull \hbox (2.83397pt too wide) in paragraph at lines 695--695
[][]|[]| 
 []


Overfull \hbox (2.83397pt too wide) in paragraph at lines 695--695
[][]|[]| 
 []


Overfull \hbox (2.83397pt too wide) in paragraph at lines 695--695
[][]|[]| 
 []


Overfull \hbox (2.83397pt too wide) in paragraph at lines 695--695
[][]|[]| 
 []


Overfull \hbox (2.83397pt too wide) in paragraph at lines 695--695
[][]|[]| 
 []


Overfull \hbox (2.83397pt too wide) in paragraph at lines 695--695
[][]|[]| 
 []


Overfull \hbox (2.83397pt too wide) in paragraph at lines 695--695
[][]|[]| 
 []


Overfull \hbox (2.83397pt too wide) in paragraph at lines 695--695
[][]|[]| 
 []


Overfull \hbox (2.83397pt too wide) in paragraph at lines 695--695
[][]|[]| 
 []


Overfull \hbox (2.83397pt too wide) in paragraph at lines 695--695
[][]|[]| 
 []


Overfull \hbox (2.83397pt too wide) in paragraph at lines 695--695
[][]|[]| 
 []


Overfull \hbox (2.83397pt too wide) in paragraph at lines 695--695
[][]|[]| 
 []


Overfull \hbox (2.83397pt too wide) in paragraph at lines 695--695
[][]|[]| 
 []


Overfull \hbox (2.83397pt too wide) in paragraph at lines 695--695
[][]|[]| 
 []


Overfull \hbox (2.83397pt too wide) in paragraph at lines 695--695
[][]|[]| 
 []


Overfull \hbox (2.83397pt too wide) in paragraph at lines 695--695
[][]|[]| 
 []


Overfull \hbox (2.83397pt too wide) in paragraph at lines 695--695
[][]|[]| 
 []


Overfull \hbox (2.83397pt too wide) in paragraph at lines 695--695
[][]|[]| 
 []


Overfull \hbox (2.83397pt too wide) in paragraph at lines 695--695
[][]|[]| 
 []


Overfull \hbox (2.83397pt too wide) in paragraph at lines 695--695
[][]|[]| 
 []


Overfull \hbox (2.83397pt too wide) in paragraph at lines 695--695
[][]|[]| 
 []


Overfull \hbox (2.83397pt too wide) in paragraph at lines 695--695
[][]|[]| 
 []


Overfull \hbox (2.83397pt too wide) in paragraph at lines 695--695
[][]|[]| 
 []


Overfull \hbox (2.83397pt too wide) in paragraph at lines 695--695
[][]|[]| 
 []


Overfull \hbox (2.83397pt too wide) in paragraph at lines 695--695
[][]|[]| 
 []


Overfull \hbox (2.83397pt too wide) in paragraph at lines 695--695
[][]|[]| 
 []


Overfull \hbox (2.83397pt too wide) in paragraph at lines 695--695
[][]|[]| 
 []


Overfull \hbox (2.83397pt too wide) in paragraph at lines 695--695
[][]|[]| 
 []


Overfull \hbox (2.83397pt too wide) in paragraph at lines 695--695
[][]|[]| 
 []


Overfull \hbox (2.83397pt too wide) in paragraph at lines 695--695
[][]|[]| 
 []


Overfull \hbox (2.83397pt too wide) in paragraph at lines 695--695
[][]|[]| 
 []


Overfull \hbox (2.83397pt too wide) in paragraph at lines 695--695
[][]|[]| 
 []


Overfull \hbox (2.83397pt too wide) in paragraph at lines 695--695
[][]|[]| 
 []


Overfull \hbox (2.83397pt too wide) in paragraph at lines 695--695
[][]|[]| 
 []


Overfull \hbox (2.83397pt too wide) in paragraph at lines 695--695
[][]|[]| 
 []


Overfull \hbox (2.83397pt too wide) in paragraph at lines 695--695
[][]|[]| 
 []


Overfull \hbox (2.83397pt too wide) in paragraph at lines 695--695
[][]|[]| 
 []


Overfull \hbox (2.83397pt too wide) in paragraph at lines 695--695
[][]|[]| 
 []


Overfull \hbox (2.83397pt too wide) in paragraph at lines 695--695
[][]|[]| 
 []


Overfull \hbox (2.83397pt too wide) in paragraph at lines 695--695
[][]|[]| 
 []


Overfull \hbox (2.83397pt too wide) in paragraph at lines 695--695
[][]|[]| 
 []


Overfull \hbox (2.83397pt too wide) in paragraph at lines 695--695
[][]|[]| 
 []


Overfull \hbox (2.83397pt too wide) in paragraph at lines 695--695
[][]|[]| 
 []


Overfull \hbox (2.83397pt too wide) in paragraph at lines 695--695
[][]|[]| 
 []


Overfull \hbox (2.83397pt too wide) in paragraph at lines 695--695
[][]|[]| 
 []


Overfull \hbox (2.83397pt too wide) in paragraph at lines 695--695
[][]|[]| 
 []


Overfull \hbox (2.83397pt too wide) in paragraph at lines 695--695
[][]|[]| 
 []


Overfull \hbox (2.83397pt too wide) in paragraph at lines 695--695
[][]|[]| 
 []


Overfull \hbox (2.83397pt too wide) in paragraph at lines 695--695
[][]|[]| 
 []


Overfull \hbox (2.83397pt too wide) in paragraph at lines 695--695
[][]|[]| 
 []


Overfull \hbox (2.83397pt too wide) in paragraph at lines 695--695
[][]|[]| 
 []


Overfull \hbox (2.83397pt too wide) in paragraph at lines 695--695
[][]|[]| 
 []


Overfull \hbox (2.83397pt too wide) in paragraph at lines 695--695
[][]|[]| 
 []


Overfull \hbox (2.83397pt too wide) in paragraph at lines 695--695
[][]|[]| 
 []


Overfull \hbox (2.83397pt too wide) in paragraph at lines 695--695
[][]|[]| 
 []


Overfull \hbox (2.83397pt too wide) in paragraph at lines 695--695
[][]|[]| 
 []


Overfull \hbox (2.83397pt too wide) in paragraph at lines 695--695
[][]|[]| 
 []


Overfull \hbox (2.83397pt too wide) in paragraph at lines 695--695
[][]|[]| 
 []


Overfull \hbox (2.83397pt too wide) in paragraph at lines 695--695
[][]|[]| 
 []


Overfull \hbox (2.83397pt too wide) in paragraph at lines 695--695
[][]|[]| 
 []


Overfull \hbox (2.83397pt too wide) in paragraph at lines 695--695
[][]|[]| 
 []


Overfull \hbox (2.83397pt too wide) in paragraph at lines 695--695
[][]|[]| 
 []


Overfull \hbox (2.83397pt too wide) in paragraph at lines 695--695
[][]|[]| 
 []


Underfull \hbox (badness 1371) in paragraph at lines 695--695
[][]|$\OT1/cmss/m/n/5 0\OML/cmm/m/it/5 :\OT1/cmss/m/n/5 6944 \OMS/cmsy/m/n/5 
 []


Underfull \hbox (badness 1371) in paragraph at lines 695--695
[][]|$\OT1/cmss/m/n/5 0\OML/cmm/m/it/5 :\OT1/cmss/m/n/5 6542 \OMS/cmsy/m/n/5 
 []


Underfull \hbox (badness 1371) in paragraph at lines 695--695
[][]|$\OT1/cmss/m/n/5 0\OML/cmm/m/it/5 :\OT1/cmss/m/n/5 4616 \OMS/cmsy/m/n/5 
 []


Underfull \hbox (badness 1371) in paragraph at lines 695--695
[][]|$\OT1/cmss/m/n/5 0\OML/cmm/m/it/5 :\OT1/cmss/m/n/5 6032 \OMS/cmsy/m/n/5 
 []


Overfull \hbox (1.71864pt too wide) in paragraph at lines 695--695
[][]|$\OT1/cmss/m/n/5 0\OML/cmm/m/it/5 :\OT1/cmss/m/n/5 006941 \OMS/cmsy/m/n/5 

 []


Overfull \hbox (1.71864pt too wide) in paragraph at lines 695--695
[][]|$\OT1/cmss/m/n/5 0\OML/cmm/m/it/5 :\OT1/cmss/m/n/5 006255 \OMS/cmsy/m/n/5 

 []


Overfull \hbox (2.83397pt too wide) in paragraph at lines 695--695
[][]|[]| 
 []


Overfull \hbox (2.83397pt too wide) in paragraph at lines 695--695
[][]|[]| 
 []


Overfull \hbox (2.83397pt too wide) in paragraph at lines 695--695
[][]|[]| 
 []


Overfull \hbox (2.83397pt too wide) in paragraph at lines 695--695
[][]|[]| 
 []


Overfull \hbox (2.83397pt too wide) in paragraph at lines 695--695
[][]|[]| 
 []


Overfull \hbox (2.83397pt too wide) in paragraph at lines 695--695
[][]|[]| 
 []


Overfull \hbox (2.83397pt too wide) in paragraph at lines 695--695
[][]|[]| 
 []


Overfull \hbox (2.83397pt too wide) in paragraph at lines 695--695
[][]|[]| 
 []


Overfull \hbox (2.83397pt too wide) in paragraph at lines 695--695
[][]|[]| 
 []


Overfull \hbox (2.83397pt too wide) in paragraph at lines 695--695
[][]|[]| 
 []


Overfull \hbox (2.83397pt too wide) in paragraph at lines 695--695
[][]|[]| 
 []


Overfull \hbox (2.83397pt too wide) in paragraph at lines 695--695
[][]|[]| 
 []


Overfull \hbox (2.83397pt too wide) in paragraph at lines 695--695
[][]|[]| 
 []


Overfull \hbox (2.83397pt too wide) in paragraph at lines 695--695
[][]|[]| 
 []


Overfull \hbox (2.83397pt too wide) in paragraph at lines 695--695
[][]|[]| 
 []


Overfull \hbox (2.83397pt too wide) in paragraph at lines 695--695
[][]|[]| 
 []


Underfull \hbox (badness 10000) in paragraph at lines 695--695
[][]|\OT1/cmss/m/n/5 Tight Lep.
 []


Overfull \hbox (2.83397pt too wide) in paragraph at lines 695--695
[][]|[]| 
 []


Overfull \hbox (2.83397pt too wide) in paragraph at lines 695--695
[][]|[]| 
 []


Overfull \hbox (2.83397pt too wide) in paragraph at lines 695--695
[][]|[]| 
 []


Overfull \hbox (2.83397pt too wide) in paragraph at lines 695--695
[][]|[]| 
 []


Overfull \hbox (2.83397pt too wide) in paragraph at lines 695--695
[][]|[]| 
 []


Overfull \hbox (2.83397pt too wide) in paragraph at lines 695--695
[][]|[]| 
 []


Overfull \hbox (2.83397pt too wide) in paragraph at lines 695--695
[][]|[]| 
 []


Overfull \hbox (2.83397pt too wide) in paragraph at lines 695--695
[][]|[]| 
 []


Overfull \hbox (2.83397pt too wide) in paragraph at lines 695--695
[][]|[]| 
 []


Overfull \hbox (2.83397pt too wide) in paragraph at lines 695--695
[][]|[]| 
 []


Overfull \hbox (2.83397pt too wide) in paragraph at lines 695--695
[][]|[]| 
 []


Overfull \hbox (2.83397pt too wide) in paragraph at lines 695--695
[][]|[]| 
 []


Overfull \hbox (2.83397pt too wide) in paragraph at lines 695--695
[][]|[]| 
 []


Overfull \hbox (2.83397pt too wide) in paragraph at lines 695--695
[][]|[]| 
 []


Overfull \hbox (2.83397pt too wide) in paragraph at lines 695--695
[][]|[]| 
 []


Overfull \hbox (2.83397pt too wide) in paragraph at lines 695--695
[][]|[]| 
 []


Overfull \hbox (2.83397pt too wide) in paragraph at lines 695--695
[][]|[]| 
 []


Overfull \hbox (2.83397pt too wide) in paragraph at lines 695--695
[][]|[]| 
 []


Overfull \hbox (2.83397pt too wide) in paragraph at lines 695--695
[][]|[]| 
 []


Overfull \hbox (2.83397pt too wide) in paragraph at lines 695--695
[][]|[]| 
 []


Overfull \hbox (2.83397pt too wide) in paragraph at lines 695--695
[][]|[]| 
 []


Overfull \hbox (2.83397pt too wide) in paragraph at lines 695--695
[][]|[]| 
 []


Overfull \hbox (2.83397pt too wide) in paragraph at lines 695--695
[][]|[]| 
 []


Overfull \hbox (2.83397pt too wide) in paragraph at lines 695--695
[][]|[]| 
 []


Overfull \hbox (2.83397pt too wide) in paragraph at lines 695--695
[][]|[]| 
 []


Overfull \hbox (2.83397pt too wide) in paragraph at lines 695--695
[][]|[]| 
 []


Overfull \hbox (2.83397pt too wide) in paragraph at lines 695--695
[][]|[]| 
 []


Overfull \hbox (2.83397pt too wide) in paragraph at lines 695--695
[][]|[]| 
 []


Overfull \hbox (2.83397pt too wide) in paragraph at lines 695--695
[][]|[]| 
 []


Overfull \hbox (2.83397pt too wide) in paragraph at lines 695--695
[][]|[]| 
 []


Overfull \hbox (2.83397pt too wide) in paragraph at lines 695--695
[][]|[]| 
 []


Overfull \hbox (2.83397pt too wide) in paragraph at lines 695--695
[][]|[]| 
 []


Overfull \hbox (2.83397pt too wide) in paragraph at lines 695--695
[][]|[]| 
 []


Overfull \hbox (2.83397pt too wide) in paragraph at lines 695--695
[][]|[]| 
 []


Overfull \hbox (2.83397pt too wide) in paragraph at lines 695--695
[][]|[]| 
 []


Overfull \hbox (2.83397pt too wide) in paragraph at lines 695--695
[][]|[]| 
 []


Overfull \hbox (2.83397pt too wide) in paragraph at lines 695--695
[][]|[]| 
 []


Overfull \hbox (2.83397pt too wide) in paragraph at lines 695--695
[][]|[]| 
 []


Overfull \hbox (2.83397pt too wide) in paragraph at lines 695--695
[][]|[]| 
 []


Overfull \hbox (2.83397pt too wide) in paragraph at lines 695--695
[][]|[]| 
 []


Overfull \hbox (2.83397pt too wide) in paragraph at lines 695--695
[][]|[]| 
 []


Overfull \hbox (2.83397pt too wide) in paragraph at lines 695--695
[][]|[]| 
 []


Overfull \hbox (2.83397pt too wide) in paragraph at lines 695--695
[][]|[]| 
 []


Overfull \hbox (2.83397pt too wide) in paragraph at lines 695--695
[][]|[]| 
 []


Overfull \hbox (2.83397pt too wide) in paragraph at lines 695--695
[][]|[]| 
 []


Overfull \hbox (2.83397pt too wide) in paragraph at lines 695--695
[][]|[]| 
 []


Overfull \hbox (2.83397pt too wide) in paragraph at lines 695--695
[][]|[]| 
 []


Overfull \hbox (2.83397pt too wide) in paragraph at lines 695--695
[][]|[]| 
 []


Overfull \hbox (2.83397pt too wide) in paragraph at lines 695--695
[][]|[]| 
 []


Overfull \hbox (2.83397pt too wide) in paragraph at lines 695--695
[][]|[]| 
 []


Overfull \hbox (2.83397pt too wide) in paragraph at lines 695--695
[][]|[]| 
 []


Overfull \hbox (2.83397pt too wide) in paragraph at lines 695--695
[][]|[]| 
 []


Overfull \hbox (2.83397pt too wide) in paragraph at lines 695--695
[][]|[]| 
 []


Overfull \hbox (2.83397pt too wide) in paragraph at lines 695--695
[][]|[]| 
 []


Overfull \hbox (2.83397pt too wide) in paragraph at lines 695--695
[][]|[]| 
 []


Overfull \hbox (2.83397pt too wide) in paragraph at lines 695--695
[][]|[]| 
 []


Overfull \hbox (2.83397pt too wide) in paragraph at lines 695--695
[][]|[]| 
 []


Overfull \hbox (2.83397pt too wide) in paragraph at lines 695--695
[][]|[]| 
 []


Overfull \hbox (2.83397pt too wide) in paragraph at lines 695--695
[][]|[]| 
 []


Overfull \hbox (2.83397pt too wide) in paragraph at lines 695--695
[][]|[]| 
 []


Overfull \hbox (2.83397pt too wide) in paragraph at lines 695--695
[][]|[]| 
 []


Overfull \hbox (2.83397pt too wide) in paragraph at lines 695--695
[][]|[]| 
 []


Overfull \hbox (2.83397pt too wide) in paragraph at lines 695--695
[][]|[]| 
 []


Overfull \hbox (2.83397pt too wide) in paragraph at lines 695--695
[][]|[]| 
 []


Overfull \hbox (2.83397pt too wide) in paragraph at lines 695--695
[][]|[]| 
 []


Overfull \hbox (2.83397pt too wide) in paragraph at lines 695--695
[][]|[]| 
 []


Overfull \hbox (2.83397pt too wide) in paragraph at lines 695--695
[][]|[]| 
 []


Overfull \hbox (2.83397pt too wide) in paragraph at lines 695--695
[][]|[]| 
 []


Overfull \hbox (2.83397pt too wide) in paragraph at lines 695--695
[][]|[]| 
 []


Overfull \hbox (2.83397pt too wide) in paragraph at lines 695--695
[][]|[]| 
 []


Overfull \hbox (2.83397pt too wide) in paragraph at lines 695--695
[][]|[]| 
 []


Overfull \hbox (2.83397pt too wide) in paragraph at lines 695--695
[][]|[]| 
 []


Underfull \hbox (badness 1371) in paragraph at lines 695--695
[][]|$\OT1/cmss/m/n/5 0\OML/cmm/m/it/5 :\OT1/cmss/m/n/5 1046 \OMS/cmsy/m/n/5 
 []


Overfull \hbox (1.71864pt too wide) in paragraph at lines 695--695
[][]|$\OT1/cmss/m/n/5 0\OML/cmm/m/it/5 :\OT1/cmss/m/n/5 002411 \OMS/cmsy/m/n/5 

 []


Overfull \hbox (1.71864pt too wide) in paragraph at lines 695--695
[][]|$\OT1/cmss/m/n/5 0\OML/cmm/m/it/5 :\OT1/cmss/m/n/5 002356 \OMS/cmsy/m/n/5 

 []


Overfull \hbox (1.71864pt too wide) in paragraph at lines 695--695
[][]|$\OT1/cmss/m/n/5 0\OML/cmm/m/it/5 :\OT1/cmss/m/n/5 004742 \OMS/cmsy/m/n/5 

 []


Underfull \hbox (badness 1371) in paragraph at lines 695--695
[][]|$\OT1/cmss/m/n/5 0\OML/cmm/m/it/5 :\OT1/cmss/m/n/5 0236 \OMS/cmsy/m/n/5 
 []


Overfull \vbox (3.23993pt too high) detected at line 695
 []

[25

]
Underfull \hbox (badness 10000) in paragraph at lines 725--725
[][]|\OT1/cmss/m/n/5 0.578 $\OMS/cmsy/m/n/5 $
 []


Underfull \hbox (badness 10000) in paragraph at lines 725--725
[][]|\OT1/cmss/m/n/5 0.635 $\OMS/cmsy/m/n/5 $
 []


Underfull \hbox (badness 10000) in paragraph at lines 725--725
[][]|\OT1/cmss/m/n/5 0.541 $\OMS/cmsy/m/n/5 $
 []


Underfull \hbox (badness 10000) in paragraph at lines 725--725
[][]|\OT1/cmss/m/n/5 0.584 $\OMS/cmsy/m/n/5 $
 []

[26

] <moneymassdiff.pdf, id=551, 569.12625pt x 384.43625pt>
File: moneymassdiff.pdf Graphic file (type pdf)

<use moneymassdiff.pdf>
Package pdftex.def Info: moneymassdiff.pdf used on input line 738.
(pdftex.def)             Requested size: 227.64647pt x 153.77177pt.
 [27

<./moneymassdiff.pdf>]
<WWSfit.pdf, id=604, 569.12625pt x 421.575pt>
File: WWSfit.pdf Graphic file (type pdf)
 <use WWSfit.pdf>
Package pdftex.def Info: WWSfit.pdf used on input line 771.
(pdftex.def)             Requested size: 170.73918pt x 126.47346pt.

<Wtoyfit.pdf, id=605, 569.12625pt x 421.575pt>
File: Wtoyfit.pdf Graphic file (type pdf)
 <use Wtoyfit.pdf>
Package pdftex.def Info: Wtoyfit.pdf used on input line 771.
(pdftex.def)             Requested size: 170.73918pt x 126.47346pt.

Overfull \hbox (15.37361pt too wide) in paragraph at lines 771--771
[][][][][][]  
 []


Overfull \vbox (19.1592pt too high) detected at line 771
 []

[28

<./WWSfit.pdf><./Wtoyfit.pdf>] [29

]
\tf@nav=\write6

\openout6 = wwqqlnuAnalysis_anguiano.nav
\tf@toc=\write7

\openout7 = wwqqlnuAnalysis_anguiano.toc
\tf@snm=\write8

\openout8 = wwqqlnuAnalysis_anguiano.snm
Package atveryend Info: Empty hook `BeforeClearDocument' on input line 809.
Package atveryend Info: Empty hook `AfterLastShipout' on input line 809.
 (./wwqqlnuAnalysis_anguiano.aux)
Package atveryend Info: Executing hook `AtVeryEndDocument' on input line 809.
Package atveryend Info: Executing hook `AtEndAfterFileList' on input line 809.
Package rerunfilecheck Info: File `wwqqlnuAnalysis_anguiano.out' has not changed
.
(rerunfilecheck)             Checksum: D41D8CD98F00B204E9800998ECF8427E;0.


LaTeX Font Warning: Size substitutions with differences
(Font)              up to 1.0pt have occurred.

Package atveryend Info: Empty hook `AtVeryVeryEnd' on input line 809.
)

Here is how much of LuaTeX's memory you used:
 34505 strings out of 495004
 125009,953878 words of node,token memory allocated
 8645 words of node memory still in use:
   79 hlist, 12 vlist, 5 rule, 63 disc, 14 math, 279 glue, 61 kern, 54 penalty, 
1 sub_mlist, 708 glyph, 172 glue_spec, 3 write, 18 local_par, 74 pdf_colorstack 
nodes
   avail lists: 1:12,2:212,3:1640,4:5299,5:191,6:3839,7:1559,8:9,9:3634,10:108
 36578 multiletter control sequences out of 65536+600000
 53 fonts using 2093391 bytes
 58i,17n,100p,423b,1838s stack positions out of 5000i,500n,10000p,200000b,100000s
<</usr/share/texlive/texmf-dist/fonts/type1/public/amsfonts/cmextra/cmex7.pfb><<
/usr/share/texlive/texmf-dist/fonts/type1/public/amsfonts/cm/cmmi10.pfb><</usr/s
hare/texlive/texmf-dist/fonts/type1/public/amsfonts/cm/cmmi12.pfb><</usr/share/t
exlive/texmf-dist/fonts/type1/public/amsfonts/cm/cmmi5.pfb><</usr/share/texlive/
texmf-dist/fonts/type1/public/amsfonts/cm/cmmi7.pfb><</usr/share/texlive/texmf-d
ist/fonts/type1/public/amsfonts/cm/cmss10.pfb><</usr/share/texlive/texmf-dist/fo
nts/type1/public/amsfonts/cm/cmss12.pfb><</usr/share/texlive/texmf-dist/fonts/ty
pe1/public/amsfonts/cm/cmss8.pfb><</usr/share/texlive/texmf-dist/fonts/type1/pub
lic/amsfonts/cm/cmssbx10.pfb><</usr/share/texlive/texmf-dist/fonts/type1/public/
amsfonts/cm/cmssi10.pfb><</usr/share/texlive/texmf-dist/fonts/type1/public/amsfo
nts/cm/cmssi12.pfb><</usr/share/texlive/texmf-dist/fonts/type1/public/amsfonts/c
m/cmssi8.pfb><</usr/share/texlive/texmf-dist/fonts/type1/public/amsfonts/cm/cmsy
10.pfb><</usr/share/texlive/texmf-dist/fonts/type1/public/amsfonts/cm/cmsy5.pfb>
<</usr/share/texlive/texmf-dist/fonts/type1/public/amsfonts/cm/cmsy7.pfb><</usr/
share/texlive/texmf-dist/fonts/type1/public/amsfonts/cm/cmtt8.pfb>
Output written on wwqqlnuAnalysis_anguiano.pdf (29 pages, 13238358 bytes).

PDF statistics: 764 PDF objects out of 1000 (max. 8388607)
 418 compressed objects within 5 object streams
 59 named destinations out of 1000 (max. 131072)
 16 words of extra memory for PDF output out of 10000 (max. 10000000)

